2008.09.27 20:20:44.747 1: CUL: K01947163 -63
2008.09.27 20:20:53.766 1: CUL: T510200A600 -66.5
2008.09.27 20:21:26.328 1: CUL: K41233263 -57
2008.09.27 20:21:33.166 1: CUL: E010114610307008701 -70
2008.09.27 20:21:33.167 1: CUL_EM emwz: CNT 20  CUM: 138.400  5MIN: 1.120  TOP: 62.560
2008.09.27 20:21:34.221 1: CUL: K21005268 -68.5
2008.09.27 20:21:58.573 1: CUL: T323200A600 -56
2008.09.27 20:22:37.590 1: CUL: F80C20211 -30.5
2008.09.27 20:22:37.591 2: FS20 Fenster1 on
2008.09.27 20:22:41.377 1: CUL: E020550F79F1F002400 -77.5
2008.09.27 20:22:41.378 1: CUL_EM emem: CNT 80  CUM: 409.510  5MIN: 0.310  TOP: 0.360
2008.09.27 20:22:49.769 1: CUL: T510200A600 -67.5
2008.09.27 20:22:50.110 1: CUL: T51027D6761 -63
2008.09.27 20:22:50.268 1: CUL: T51027D7761 -30
2008.09.27 20:22:50.550 1: CUL: T51024279C9 -30.5
2008.09.27 20:22:50.829 1: CUL: T5102437900 -31
2008.09.27 20:22:51.109 1: CUL: T51024B7700 -30.5
2008.09.27 20:22:51.388 1: CUL: T5102447900 -30.5
2008.09.27 20:22:51.669 1: CUL: T51024B7700 -30.5
2008.09.27 20:23:41.752 1: CUL: K01937163 -64
2008.09.27 20:23:54.576 1: CUL: T323200A600 -55.5
2008.09.27 20:24:21.332 1: CUL: K41223263 -54.5
2008.09.27 20:24:30.228 1: CUL: K21005268 -66
2008.09.27 20:24:45.773 1: CUL: T510200A600 -66.5
2008.09.27 20:25:50.577 1: CUL: T323200A600 -56.5
2008.09.27 20:26:17.508 1: CUL: T32327D6761 -56
2008.09.27 20:26:17.666 1: CUL: T32327D7761 -30
2008.09.27 20:26:18.025 1: CUL: T3232696761 -53.5
2008.09.27 20:26:33.578 1: CUL: E01011567030600DE01 -69
2008.09.27 20:26:33.579 1: CUL_EM emwz: CNT 21  CUM: 139.360  5MIN: 0.960  TOP: 76.480
2008.09.27 20:26:36.494 1: CUL: K1710610700E702 -88.5
2008.09.27 20:26:38.757 1: CUL: K01937163 -63
2008.09.27 20:26:41.773 1: CUL: T510200A600 -67.5
2008.09.27 20:27:16.338 1: CUL: K41223263 -56.5
2008.09.27 20:27:26.233 1: CUL: K21005268 -65
2008.09.27 20:27:41.372 1: CUL: E02055108A015002400 -78
2008.09.27 20:27:41.372 1: CUL_EM emem: CNT 81  CUM: 409.680  5MIN: 0.210  TOP: 0.360
2008.09.27 20:27:46.580 1: CUL: T323200A600 -56.5
2008.09.27 20:28:37.774 1: CUL: T510200A600 -67
2008.09.27 20:28:38.116 1: CUL: T51027D6761 -61
2008.09.27 20:28:38.273 1: CUL: T51027D7761 -30.5
2008.09.27 20:28:38.630 1: CUL: T5102696761 -61.5
2008.09.27 20:29:35.761 1: CUL: K01947163 -64
2008.09.27 20:29:42.581 1: CUL: T323200A600 -56.5
2008.09.27 20:30:11.343 1: CUL: K41213263 -54
2008.09.27 20:30:22.240 1: CUL: K21005268 -68.5
2008.09.27 20:30:33.776 1: CUL: T510200A600 -67
2008.09.27 20:31:33.874 1: CUL: E0101166B0304006102 -67.5
2008.09.27 20:31:33.874 1: CUL_EM emwz: CNT 22  CUM: 140.000  5MIN: 0.640  TOP: 97.440
2008.09.27 20:31:38.583 1: CUL: T323200A600 -56.5
2008.09.27 20:31:41.508 1: CUL: K1709610700E792 -88
2008.09.27 20:32:29.778 1: CUL: T510200A600 -67
2008.09.27 20:32:41.368 1: CUL: E02055211A00A000A00 -78
2008.09.27 20:32:41.369 1: CUL_EM emem: CNT 82  CUM: 409.770  5MIN: 0.100  TOP: 0.100
2008.09.27 20:33:06.348 1: CUL: K41213263 -54
2008.09.27 20:33:18.247 1: CUL: K21005268 -65.5
2008.09.27 20:33:34.585 1: CUL: T323200A600 -56.5
2008.09.27 20:34:25.780 1: CUL: T510200A600 -66.5
2008.09.27 20:35:29.771 1: CUL: K01947163 -63.5
2008.09.27 20:35:30.587 1: CUL: T323200A600 -56.5
2008.09.27 20:36:01.353 1: CUL: K41203263 -54
2008.09.27 20:36:14.252 1: CUL: K21005268 -68.5
2008.09.27 20:36:17.677 1: CUL: T32327D7761 -31
2008.09.27 20:36:18.035 1: CUL: T3232696761 -55.5
2008.09.27 20:36:21.782 1: CUL: T510200A600 -67
2008.09.27 20:36:34.061 1: CUL: E010117700305008102 -70
2008.09.27 20:36:34.062 1: CUL_EM emwz: CNT 23  CUM: 140.800  5MIN: 0.800  TOP: 102.560
2008.09.27 20:37:26.589 1: CUL: T323200A600 -56
2008.09.27 20:37:26.933 1: CUL: T32327D6761 -54.5
2008.09.27 20:37:27.092 1: CUL: T32327D7761 -30.5
2008.09.27 20:37:27.641 1: CUL: T32324279E0 -30.5
2008.09.27 20:37:27.921 1: CUL: T3232437900 -31
2008.09.27 20:37:28.202 1: CUL: T32324B7700 -31
2008.09.27 20:37:28.570 1: CUL: T32324B6700 -55
2008.09.27 20:37:28.726 1: CUL: T32324B7700 -31
2008.09.27 20:37:29.006 1: CUL: T3232447900 -31
2008.09.27 20:37:29.288 1: CUL: T32324B7700 -30.5
2008.09.27 20:37:41.368 1: CUL: E02055316A007000A00 -77.5
2008.09.27 20:37:41.368 1: CUL_EM emem: CNT 83  CUM: 409.820  5MIN: 0.070  TOP: 0.100
2008.09.27 20:38:17.784 1: CUL: T510200A600 -67
2008.09.27 20:38:18.124 1: CUL: T51027D6761 -63
2008.09.27 20:38:18.282 1: CUL: T51027D7761 -30.5
2008.09.27 20:38:18.639 1: CUL: T5102696761 -62
2008.09.27 20:38:26.776 1: CUL: K01937163 -62
2008.09.27 20:38:56.358 1: CUL: K41203263 -54
2008.09.27 20:39:10.259 1: CUL: K21995168 -68.5
2008.09.27 20:39:22.591 1: CUL: T323200A600 -56
2008.09.27 20:40:13.786 1: CUL: T510200A600 -67
2008.09.27 20:40:14.127 1: CUL: T51027D6761 -62
2008.09.27 20:40:14.285 1: CUL: T51027D7761 -31
2008.09.27 20:40:14.567 1: CUL: T51024279C9 -30.5
2008.09.27 20:40:14.845 1: CUL: T5102437900 -31
2008.09.27 20:40:15.125 1: CUL: T51024B7700 -31
2008.09.27 20:40:15.404 1: CUL: T5102447900 -30.5
2008.09.27 20:40:15.685 1: CUL: T51024B7700 -31
2008.09.27 20:41:12.317 1: CUL: F80C24011 -47
2008.09.27 20:41:18.592 1: CUL: T323200A600 -56.5
2008.09.27 20:41:22.596 1: CUL: F80C24211 -69
2008.09.27 20:41:23.781 1: CUL: K01937163 -63.5
2008.09.27 20:41:34.472 1: CUL: E010118740304007F02 -70.5
2008.09.27 20:41:34.472 1: CUL_EM emwz: CNT 24  CUM: 141.440  5MIN: 0.640  TOP: 102.240
2008.09.27 20:41:51.363 1: CUL: K41213263 -55.5
2008.09.27 20:42:06.265 1: CUL: K21995168 -65.5
2008.09.27 20:42:09.788 1: CUL: T510200A600 -68
2008.09.27 20:42:19.931 1: CUL: F80C24111 -55
2008.09.27 20:42:41.362 1: CUL: E02055419A004000600 -77.5
2008.09.27 20:42:41.363 1: CUL_EM emem: CNT 84  CUM: 409.850  5MIN: 0.040  TOP: 0.060
2008.09.27 20:43:14.664 1: CUL: T323200A600 -56
2008.09.27 20:44:05.789 1: CUL: T510200A600 -67
2008.09.27 20:44:20.786 1: CUL: K01931164 -66.5
2008.09.27 20:44:46.368 1: CUL: K41213263 -55.5
2008.09.27 20:45:02.271 1: CUL: K21995168 -68.5
2008.09.27 20:45:10.596 1: CUL: T323200A600 -56
2008.09.27 20:46:01.860 1: CUL: T510200A600 -67
2008.09.27 20:46:34.660 1: CUL: E010119790305004D02 -71.5
2008.09.27 20:46:34.661 1: CUL_EM emwz: CNT 25  CUM: 142.240  5MIN: 0.800  TOP: 94.240
2008.09.27 20:46:56.549 1: CUL: K1704710700E752 -88
2008.09.27 20:47:06.599 1: CUL: T323200A600 -56
2008.09.27 20:47:06.942 1: CUL: T32327D6761 -55
2008.09.27 20:47:07.101 1: CUL: T32327D7761 -30.5
2008.09.27 20:47:07.460 1: CUL: T3232696761 -55
2008.09.27 20:47:17.790 1: CUL: K01931164 -64
2008.09.27 20:47:41.374 1: CUL: K41203263 -54
2008.09.27 20:47:57.793 1: CUL: T510200A600 -67.5
2008.09.27 20:47:58.276 1: CUL: K21005268 -65.5
2008.09.27 20:48:00.722 1: CUL: T51027D6761 -67.5
2008.09.27 20:48:00.879 1: CUL: T51027D7761 -30
2008.09.27 20:48:01.236 1: CUL: T5102696761 -62
2008.09.27 20:49:02.600 1: CUL: T323200A600 -56.5
2008.09.27 20:49:29.057 1: CUL: K1704810700E762 -88
2008.09.27 20:49:53.799 1: CUL: T510200A600 -68
2008.09.27 20:50:14.795 1: CUL: K01931164 -67
2008.09.27 20:50:36.379 1: CUL: K41217263 -54
2008.09.27 20:50:54.284 1: CUL: K21995168 -68
2008.09.27 20:50:58.603 1: CUL: T323200A600 -56
2008.09.27 20:51:34.959 1: CUL: E01011A7C030300F502 -70
2008.09.27 20:51:34.959 1: CUL_EM emwz: CNT 26  CUM: 142.720  5MIN: 0.480  TOP: 121.120
2008.09.27 20:51:49.797 1: CUL: T510200A600 -67.5
2008.09.27 20:52:01.563 1: CUL: K1703810700E752 -87.5
2008.09.27 20:52:41.356 1: CUL: E02055620A004000600 -77.5
2008.09.27 20:52:41.356 1: CUL_EM emem: CNT 86  CUM: 409.920  5MIN: 0.040  TOP: 0.060
2008.09.27 20:52:54.604 1: CUL: T323200A600 -56
2008.09.27 20:52:54.949 1: CUL: T32327D6761 -54
2008.09.27 20:52:55.107 1: CUL: T32327D7761 -31
2008.09.27 20:52:55.390 1: CUL: T32324279E0 -30.5
2008.09.27 20:52:55.671 1: CUL: T3232437900 -31
2008.09.27 20:52:55.952 1: CUL: T32324B7700 -30.5
2008.09.27 20:52:56.232 1: CUL: T3232447900 -31
2008.09.27 20:52:56.514 1: CUL: T32324B7700 -30.5
2008.09.27 20:53:11.800 1: CUL: K01931164 -67
2008.09.27 20:53:45.799 1: CUL: T510200A600 -67.5
2008.09.27 20:53:50.289 1: CUL: K21995168 -66
2008.09.27 20:54:00.729 1: CUL: T51027D6761 -68
2008.09.27 20:54:00.886 1: CUL: T51027D7761 -30.5
2008.09.27 20:54:01.168 1: CUL: T51024279C9 -30.5
2008.09.27 20:54:01.447 1: CUL: T5102437900 -31
2008.09.27 20:54:01.727 1: CUL: T51024B7700 -31
2008.09.27 20:54:02.006 1: CUL: T5102447900 -30.5
2008.09.27 20:54:02.286 1: CUL: T51024B7700 -31
2008.09.27 20:54:34.069 1: CUL: K1702810700E742 -88
2008.09.27 20:54:50.606 1: CUL: T323200A600 -55.5
2008.09.27 20:55:41.808 1: CUL: T510200A600 -67.5
2008.09.27 20:56:08.805 1: CUL: K01931164 -64
2008.09.27 20:56:26.389 1: CUL: K41223263 -54.5
2008.09.27 20:56:35.368 1: CUL: E01011B80030400F502 -71
2008.09.27 20:56:35.369 1: CUL_EM emwz: CNT 27  CUM: 143.360  5MIN: 0.640  TOP: 121.120
2008.09.27 20:56:46.296 1: CUL: K21995168 -68
2008.09.27 20:56:46.607 1: CUL: T323200A600 -55.5
2008.09.27 20:56:46.952 1: CUL: T32327D6761 -54
2008.09.27 20:56:47.111 1: CUL: T32327D7761 -31
2008.09.27 20:56:47.470 1: CUL: T3232696761 -55
2008.09.27 20:57:37.803 1: CUL: T510200A600 -67.5
2008.09.27 20:57:41.353 1: CUL: E02055723A004000600 -77.5
2008.09.27 20:57:41.354 1: CUL_EM emem: CNT 87  CUM: 409.950  5MIN: 0.040  TOP: 0.060
2008.09.27 20:58:00.732 1: CUL: T51027D6761 -67.5
2008.09.27 20:58:00.889 1: CUL: T51027D7761 -30.5
2008.09.27 20:58:01.246 1: CUL: T5102696761 -63
2008.09.27 20:58:42.610 1: CUL: T323200A600 -56
2008.09.27 20:58:47.852 1: CUL: F80C24011 -47
2008.09.27 20:59:05.809 1: CUL: K01931164 -64
2008.09.27 20:59:11.752 1: CUL: F80C24211 -76.5
2008.09.27 20:59:21.393 1: CUL: K41223263 -61
2008.09.27 20:59:29.024 1: CUL: F80C20000 -39
2008.09.27 20:59:29.024 2: FS20 Stehlampe off
2008.09.27 20:59:29.647 1: CUL: F80C20100 -36.5
2008.09.27 20:59:29.647 2: FS20 Fenster2 off
2008.09.27 20:59:30.271 1: CUL: F80C20200 -35
2008.09.27 20:59:30.271 2: FS20 Fenster1 off
2008.09.27 20:59:33.806 1: CUL: T510200A600 -68
2008.09.27 20:59:42.302 1: CUL: K21995168 -66
2008.09.27 21:00:38.612 1: CUL: T323200A600 -55.5
2008.09.27 21:01:06.842 1: CUL: F80C24311 -73
2008.09.27 21:01:29.807 1: CUL: T510200A600 -68
2008.09.27 21:01:35.554 1: CUL: E01011C84030400DD02 -70.5
2008.09.27 21:01:35.554 1: CUL_EM emwz: CNT 28  CUM: 144.000  5MIN: 0.640  TOP: 117.280
2008.09.27 21:02:02.815 1: CUL: K01931164 -66.5
2008.09.27 21:02:11.590 1: CUL: K1701910700E742 -89
2008.09.27 21:02:16.399 1: CUL: K41223263 -56
2008.09.27 21:02:31.099 1: CUL: F80C24211 -71.5
2008.09.27 21:02:31.345 1: CUL: F80C202394F -31
2008.09.27 21:02:31.345 2: FS20 Fenster1 on-for-timer 60
2008.09.27 21:02:34.614 1: CUL: T323200B600 -55.5
2008.09.27 21:02:38.308 1: CUL: K21995168 -65
2008.09.27 21:02:41.461 1: CUL: E02055827A004000600 -79
2008.09.27 21:02:41.461 1: CUL_EM emem: CNT 88  CUM: 409.990  5MIN: 0.040  TOP: 0.060
2008.09.27 21:03:25.811 1: CUL: T510200B600 -68
2008.09.27 21:04:30.617 1: CUL: T323200B600 -55.5
2008.09.27 21:04:30.963 1: CUL: T32327D6761 -53.5
2008.09.27 21:04:31.120 1: CUL: T32327D7761 -31
2008.09.27 21:04:31.403 1: CUL: T32324279E0 -31
2008.09.27 21:04:31.684 1: CUL: T3232437900 -30.5
2008.09.27 21:04:31.965 1: CUL: T32324B7700 -31
2008.09.27 21:04:32.246 1: CUL: T3232447900 -29.5
2008.09.27 21:04:32.528 1: CUL: T32324B7700 -30.5
2008.09.27 21:04:48.102 1: CUL: F80C24911 -56
2008.09.27 21:04:48.102 2: FS20 alarm on
2008.09.27 21:04:48.295 1: CUL: F80C2023904 -31
2008.09.27 21:04:48.295 2: FS20 Fenster1 on-for-timer 1
2008.09.27 21:04:59.819 1: CUL: K01941164 -67
2008.09.27 21:05:11.404 1: CUL: K41223263 -56.5
2008.09.27 21:05:21.813 1: CUL: T510200B600 -68
2008.09.27 21:05:34.315 1: CUL: K21995168 -65.5
2008.09.27 21:06:00.741 1: CUL: T51027D6761 -68.5
2008.09.27 21:06:00.898 1: CUL: T51027D7761 -30
2008.09.27 21:06:01.179 1: CUL: T51024279C9 -30.5
2008.09.27 21:06:01.458 1: CUL: T5102437900 -31
2008.09.27 21:06:01.739 1: CUL: T51024B7700 -31
2008.09.27 21:06:02.017 1: CUL: T5102447900 -31
2008.09.27 21:06:02.298 1: CUL: T51024B7700 -31
2008.09.27 21:06:26.619 1: CUL: T323200B600 -56
2008.09.27 21:06:26.963 1: CUL: T32327D6761 -53.5
2008.09.27 21:06:27.122 1: CUL: T32327D7761 -30.5
2008.09.27 21:06:27.481 1: CUL: T3232696761 -54
2008.09.27 21:06:35.855 1: CUL: E01011D860302005705 -66.5
2008.09.27 21:06:35.855 1: CUL_EM emwz: CNT 29  CUM: 144.320  5MIN: 0.320  TOP: 218.720
2008.09.27 21:06:47.954 1: CUL: F80C24900 -57.5
2008.09.27 21:06:47.954 2: FS20 alarm off
2008.09.27 21:06:48.146 1: CUL: F80C2023904 -31
2008.09.27 21:06:48.146 2: FS20 Fenster1 on-for-timer 1
2008.09.27 21:06:48.293 1: CUL: F80C24E00 -31
2008.09.27 21:06:48.293 2: FS20 sirene off
2008.09.27 21:06:50.060 1: CUL: F80C2023904 -31
2008.09.27 21:06:50.060 2: FS20 Fenster1 on-for-timer 1
2008.09.27 21:07:17.122 1: CUL: F80C24911 -54
2008.09.27 21:07:17.122 2: FS20 alarm on
2008.09.27 21:07:17.517 1: CUL: F80C2023904 -31
2008.09.27 21:07:17.517 2: FS20 Fenster1 on-for-timer 1
2008.09.27 21:07:41.347 1: CUL: E0205592AA004000600 -74.5
2008.09.27 21:07:41.348 1: CUL_EM emem: CNT 89  CUM: 410.020  5MIN: 0.040  TOP: 0.060
2008.09.27 21:07:56.824 1: CUL: K01931164 -66.5
2008.09.27 21:08:00.742 1: CUL: T51027D6761 -68
2008.09.27 21:08:00.899 1: CUL: T51027D7761 -31
2008.09.27 21:08:01.256 1: CUL: T5102696761 -64
2008.09.27 21:08:06.408 1: CUL: K41223263 -56.5
2008.09.27 21:08:22.620 1: CUL: T323200B600 -56
2008.09.27 21:08:30.321 1: CUL: K21995168 -65
2008.09.27 21:09:13.817 1: CUL: T510200B600 -68
2008.09.27 21:10:18.623 1: CUL: T323200B600 -55.5
2008.09.27 21:10:53.828 1: CUL: K01931164 -66.5
2008.09.27 21:11:01.414 1: CUL: K41213263 -56.5
2008.09.27 21:11:09.818 1: CUL: T510200B600 -68
2008.09.27 21:11:26.327 1: CUL: K21995168 -68
2008.09.27 21:11:36.154 1: CUL: E01011E88030200FA07 -71
2008.09.27 21:11:36.155 1: CUL_EM emwz: CNT 30  CUM: 144.640  5MIN: 0.320  TOP: 326.720
2008.09.27 21:12:14.624 1: CUL: T323200B600 -55.5
2008.09.27 21:12:41.344 1: CUL: E02055A2DA004000600 -73
2008.09.27 21:12:41.344 1: CUL_EM emem: CNT 90  CUM: 410.050  5MIN: 0.040  TOP: 0.060
2008.09.27 21:13:05.821 1: CUL: T510200B600 -68.5
2008.09.27 21:13:56.419 1: CUL: K41213263 -56
2008.09.27 21:14:10.627 1: CUL: T323200B600 -55.5
2008.09.27 21:14:22.333 1: CUL: K21995168 -65.5
2008.09.27 21:15:01.822 1: CUL: T510200B600 -68.5
2008.09.27 21:16:06.629 1: CUL: T323200B600 -56
2008.09.27 21:16:17.558 1: CUL: T32327D6761 -55.5
2008.09.27 21:16:17.716 1: CUL: T32327D7761 -31
2008.09.27 21:16:18.076 1: CUL: T3232696761 -53.5
2008.09.27 21:16:36.453 1: CUL: E01011F89030100B80B -70
2008.09.27 21:16:36.453 1: CUL_EM emwz: CNT 31  CUM: 144.800  5MIN: 0.160  TOP: 480.000
2008.09.27 21:16:47.838 1: CUL: K01941164 -64.5
2008.09.27 21:16:51.424 1: CUL: K41203263 -55.5
2008.09.27 21:16:57.825 1: CUL: T510200B600 -68
2008.09.27 21:17:18.340 1: CUL: K21995168 -68
2008.09.27 21:17:41.342 1: CUL: E02055B31A004000600 -76.5
2008.09.27 21:17:41.342 1: CUL_EM emem: CNT 91  CUM: 410.090  5MIN: 0.040  TOP: 0.060
2008.09.27 21:18:02.631 1: CUL: T323200B600 -55.5
2008.09.27 21:18:53.826 1: CUL: T510200B600 -67.5
2008.09.27 21:18:54.169 1: CUL: T51027D6761 -64
2008.09.27 21:18:54.327 1: CUL: T51027D7761 -31
2008.09.27 21:18:54.684 1: CUL: T5102696761 -67
2008.09.27 21:19:44.843 1: CUL: K01931164 -64
2008.09.27 21:19:46.429 1: CUL: K41203263 -56.5
2008.09.27 21:19:58.633 1: CUL: T323200B600 -55.5
2008.09.27 21:20:14.346 1: CUL: K21995168 -65
2008.09.27 21:20:17.562 1: CUL: T32327D6761 -55.5
2008.09.27 21:20:17.720 1: CUL: T32327D7761 -31
2008.09.27 21:20:18.004 1: CUL: T32324279DF -30.5
2008.09.27 21:20:18.284 1: CUL: T3232437900 -30.5
2008.09.27 21:20:18.613 1: CUL: T32324B7700 -30.5
2008.09.27 21:20:18.846 1: CUL: T3232447900 -29.5
2008.09.27 21:20:19.128 1: CUL: T32324B7700 -30.5
2008.09.27 21:20:49.829 1: CUL: T510200B600 -68
2008.09.27 21:21:36.750 1: CUL: E0101208A030100B80B -65
2008.09.27 21:21:36.751 1: CUL_EM emwz: CNT 32  CUM: 144.960  5MIN: 0.160  TOP: 480.000
2008.09.27 21:21:54.634 1: CUL: T323200B600 -55.5
2008.09.27 21:22:41.337 1: CUL: E02055C34A004000600 -78
2008.09.27 21:22:41.338 1: CUL_EM emem: CNT 92  CUM: 410.120  5MIN: 0.040  TOP: 0.060
2008.09.27 21:22:41.544 1: CUL: K41203263 -56.5
2008.09.27 21:22:41.847 1: CUL: K01931164 -66.5
2008.09.27 21:22:45.831 1: CUL: T510200B600 -68
2008.09.27 21:22:46.174 1: CUL: T51027D6761 -64
2008.09.27 21:22:46.332 1: CUL: T51027D7761 -31
2008.09.27 21:22:46.613 1: CUL: T51024279C9 -31
2008.09.27 21:22:46.893 1: CUL: T5102437900 -31
2008.09.27 21:22:47.172 1: CUL: T51024B7700 -31
2008.09.27 21:22:47.451 1: CUL: T5102447900 -30.5
2008.09.27 21:22:47.732 1: CUL: T51024B7700 -31
2008.09.27 21:23:10.352 1: CUL: K21995168 -65
2008.09.27 21:23:50.637 1: CUL: T323200B600 -55
2008.09.27 21:24:41.835 1: CUL: T510200B600 -68
2008.09.27 21:25:04.153 1: CUL: K1795000800E782 -89
2008.09.27 21:25:36.439 1: CUL: K41203263 -56.5
2008.09.27 21:25:38.853 1: CUL: K01941164 -64.5
2008.09.27 21:25:46.638 1: CUL: T323200B600 -56
2008.09.27 21:26:06.358 1: CUL: K21995168 -66.5
2008.09.27 21:26:17.568 1: CUL: T32327D6761 -55.5
2008.09.27 21:26:17.726 1: CUL: T32327D7761 -31
2008.09.27 21:26:18.085 1: CUL: T3232696761 -53.5
2008.09.27 21:26:37.161 1: CUL: E0101218B030100B80B -67.5
2008.09.27 21:26:37.161 1: CUL_EM emwz: CNT 33  CUM: 145.120  5MIN: 0.160  TOP: 480.000
2008.09.27 21:26:37.834 1: CUL: T510200B600 -68
2008.09.27 21:27:36.661 1: CUL: K1795000800E782 -89
2008.09.27 21:27:41.336 1: CUL: E02055D37A004000600 -78.5
2008.09.27 21:27:41.336 1: CUL_EM emem: CNT 93  CUM: 410.150  5MIN: 0.040  TOP: 0.060
2008.09.27 21:27:42.641 1: CUL: T323200B600 -55.5
2008.09.27 21:28:33.836 1: CUL: T510200B600 -68
2008.09.27 21:28:34.178 1: CUL: T51027D6761 -64
2008.09.27 21:28:34.336 1: CUL: T51027D7761 -31
2008.09.27 21:28:34.693 1: CUL: T5102696761 -64
2008.09.27 21:28:35.857 1: CUL: K01931164 -66.5
2008.09.27 21:29:02.364 1: CUL: K21995168 -65
2008.09.27 21:29:38.642 1: CUL: T323200B600 -55.5
2008.09.27 21:30:29.839 1: CUL: T510200B600 -68
2008.09.27 21:31:26.449 1: CUL: K41203263 -56.5
2008.09.27 21:31:32.863 1: CUL: K01941164 -64
2008.09.27 21:31:34.645 1: CUL: T323200B600 -56
2008.09.27 21:31:37.349 1: CUL: E0101228C030100B80B -67.5
2008.09.27 21:31:37.350 1: CUL_EM emwz: CNT 34  CUM: 145.280  5MIN: 0.160  TOP: 480.000
2008.09.27 21:31:58.370 1: CUL: K21995168 -67.5
2008.09.27 21:32:25.840 1: CUL: T510200B600 -68
2008.09.27 21:32:41.333 1: CUL: E02055E3FA00A005600 -75
2008.09.27 21:32:41.334 1: CUL_EM emem: CNT 94  CUM: 410.230  5MIN: 0.100  TOP: 0.860
2008.09.27 21:33:30.646 1: CUL: T323200B600 -55
2008.09.27 21:34:21.455 1: CUL: K41203263 -56
2008.09.27 21:34:21.842 1: CUL: T510200B600 -68
2008.09.27 21:34:29.867 1: CUL: K01931164 -64
2008.09.27 21:34:54.377 1: CUL: K21995168 -68
2008.09.27 21:35:26.648 1: CUL: T323200B600 -55.5
2008.09.27 21:36:17.578 1: CUL: T32327D6761 -55.5
2008.09.27 21:36:17.736 1: CUL: T32327D7761 -31
2008.09.27 21:36:18.095 1: CUL: T3232696761 -54
2008.09.27 21:36:37.647 1: CUL: E010123900304008003 -70.5
2008.09.27 21:36:37.648 1: CUL_EM emwz: CNT 35  CUM: 145.920  5MIN: 0.640  TOP: 143.360
2008.09.27 21:37:16.459 1: CUL: K41203263 -56
2008.09.27 21:37:22.650 1: CUL: T323200B600 -55.5
2008.09.27 21:37:22.995 1: CUL: T32327D6761 -53.5
2008.09.27 21:37:23.153 1: CUL: T32327D7761 -30
2008.09.27 21:37:23.436 1: CUL: T32324279DE -31
2008.09.27 21:37:23.717 1: CUL: T3232437900 -31
2008.09.27 21:37:23.998 1: CUL: T32324B7700 -31
2008.09.27 21:37:24.278 1: CUL: T3232447900 -31.5
2008.09.27 21:37:24.560 1: CUL: T32324B7700 -31
2008.09.27 21:37:26.872 1: CUL: K01936164 -66.5
2008.09.27 21:37:41.330 1: CUL: E02055F59A01E002400 -79.5
2008.09.27 21:37:41.330 1: CUL_EM emem: CNT 95  CUM: 410.490  5MIN: 0.300  TOP: 0.360
2008.09.27 21:37:50.384 1: CUL: K21995168 -65.5
2008.09.27 21:38:13.846 1: CUL: T510200B600 -68
2008.09.27 21:38:14.187 1: CUL: T51027D6761 -63.5
2008.09.27 21:38:14.345 1: CUL: T51027D7761 -31
2008.09.27 21:38:14.702 1: CUL: T5102696761 -66
2008.09.27 21:39:18.652 1: CUL: T323200B600 -55.5
2008.09.27 21:40:09.848 1: CUL: T510200B600 -68
2008.09.27 21:40:10.191 1: CUL: T51027D6761 -64
2008.09.27 21:40:10.349 1: CUL: T51027D7761 -31
2008.09.27 21:40:10.630 1: CUL: T51024279C9 -31
2008.09.27 21:40:10.910 1: CUL: T5102437900 -31
2008.09.27 21:40:11.465 1: CUL: T51024B7700 -31
2008.09.27 21:40:11.469 1: CUL: T5102447900 -31
2008.09.27 21:40:11.833 1: CUL: T5102446900 -64
2008.09.27 21:40:11.988 1: CUL: T5102447900 -31
2008.09.27 21:40:12.268 1: CUL: T51024B7700 -31
2008.09.27 21:40:23.877 1: CUL: K01936164 -64
2008.09.27 21:40:46.389 1: CUL: K21995168 -65
2008.09.27 21:41:14.654 1: CUL: T323200B600 -55.5
2008.09.27 21:41:37.948 1: CUL: E010124930303000F03 -66.5
2008.09.27 21:41:37.948 1: CUL_EM emwz: CNT 36  CUM: 146.400  5MIN: 0.480  TOP: 125.280
2008.09.27 21:42:05.850 1: CUL: T510200B600 -68
2008.09.27 21:42:41.326 1: CUL: E0205606BA016002400 -78
2008.09.27 21:42:41.326 1: CUL_EM emem: CNT 96  CUM: 410.670  5MIN: 0.220  TOP: 0.360
2008.09.27 21:43:06.469 1: CUL: K41192263 -56.5
2008.09.27 21:43:10.656 1: CUL: T323200B600 -55.5
2008.09.27 21:43:20.882 1: CUL: K01936164 -64
2008.09.27 21:43:42.396 1: CUL: K21995168 -68
2008.09.27 21:44:01.852 1: CUL: T510200B600 -68
2008.09.27 21:45:06.658 1: CUL: T323200B600 -55.5
2008.09.27 21:45:57.854 1: CUL: T510200B600 -68
2008.09.27 21:46:01.475 1: CUL: K41192263 -55.5
2008.09.27 21:46:17.886 1: CUL: K01936164 -66.5
2008.09.27 21:47:02.660 1: CUL: T323200B600 -55.5
2008.09.27 21:47:03.004 1: CUL: T32327D6761 -53.5
2008.09.27 21:47:03.163 1: CUL: T32327D7761 -31
2008.09.27 21:47:03.522 1: CUL: T3232696761 -54
2008.09.27 21:47:41.323 1: CUL: E02056172A009000A00 -78
2008.09.27 21:47:41.324 1: CUL_EM emem: CNT 97  CUM: 410.740  5MIN: 0.090  TOP: 0.100
2008.09.27 21:47:53.856 1: CUL: T510200B600 -68
2008.09.27 21:48:00.782 1: CUL: T51027D6761 -68
2008.09.27 21:48:00.940 1: CUL: T51027D7761 -29.5
2008.09.27 21:48:01.297 1: CUL: T5102696761 -64
2008.09.27 21:48:56.480 1: CUL: K41192263 -56.5
2008.09.27 21:48:58.661 1: CUL: T323200B600 -55.5
2008.09.27 21:49:14.891 1: CUL: K01936164 -64
2008.09.27 21:49:34.408 1: CUL: K21985168 -68
2008.09.27 21:49:49.858 1: CUL: T510200B600 -67.5
2008.09.27 21:50:54.664 1: CUL: T323200B600 -55.5
2008.09.27 21:51:38.545 1: CUL: E010126970302009706 -70
2008.09.27 21:51:38.545 1: CUL_EM emwz: CNT 38  CUM: 147.040  5MIN: 0.320  TOP: 269.920
2008.09.27 21:51:45.859 1: CUL: T510200B600 -67.5
2008.09.27 21:51:51.485 1: CUL: K41182263 -55.5
2008.09.27 21:52:11.896 1: CUL: K01936164 -63
2008.09.27 21:52:30.414 1: CUL: K21985168 -68
2008.09.27 21:52:41.429 1: CUL: E02056275A004000600 -80.5
2008.09.27 21:52:41.429 1: CUL_EM emem: CNT 98  CUM: 410.770  5MIN: 0.040  TOP: 0.060
2008.09.27 21:52:50.665 1: CUL: T323200B600 -55
2008.09.27 21:52:51.010 1: CUL: T32327D6761 -54
2008.09.27 21:52:51.169 1: CUL: T32327D7761 -31
2008.09.27 21:52:51.451 1: CUL: T32324279DE -31
2008.09.27 21:52:51.732 1: CUL: T3232437900 -31
2008.09.27 21:52:52.013 1: CUL: T32324B7700 -31
2008.09.27 21:52:52.380 1: CUL: T32324B6700 -55
2008.09.27 21:52:52.537 1: CUL: T32324B7700 -30.5
2008.09.27 21:52:52.817 1: CUL: T3232447900 -31
2008.09.27 21:52:53.099 1: CUL: T32324B7700 -31
2008.09.27 21:53:41.862 1: CUL: T510200B600 -68
2008.09.27 21:54:00.789 1: CUL: T51027D6761 -68
2008.09.27 21:54:00.946 1: CUL: T51027D7761 -31.5
2008.09.27 21:54:01.228 1: CUL: T51024279C9 -30.5
2008.09.27 21:54:01.507 1: CUL: T5102437900 -31
2008.09.27 21:54:01.787 1: CUL: T51024B7700 -31
2008.09.27 21:54:02.066 1: CUL: T5102447900 -30.5
2008.09.27 21:54:02.347 1: CUL: T51024B7700 -31
2008.09.27 21:54:46.490 1: CUL: K41182263 -55.5
2008.09.27 21:54:46.667 1: CUL: T323200B600 -55.5
2008.09.27 21:55:08.901 1: CUL: K01936164 -64
2008.09.27 21:55:26.421 1: CUL: K21985168 -65
2008.09.27 21:55:37.863 1: CUL: T510200B600 -68.5
2008.09.27 21:56:38.844 1: CUL: E01012799030200D506 -66
2008.09.27 21:56:38.845 1: CUL_EM emwz: CNT 39  CUM: 147.360  5MIN: 0.320  TOP: 279.840
2008.09.27 21:56:42.669 1: CUL: T323200B600 -55.5
2008.09.27 21:56:43.013 1: CUL: T32327D6761 -54
2008.09.27 21:56:43.172 1: CUL: T32327D7761 -31
2008.09.27 21:56:43.532 1: CUL: T3232696761 -54
2008.09.27 21:57:33.866 1: CUL: T510200B600 -67.5
2008.09.27 21:57:41.316 1: CUL: E02056379A004000500 -78.5
2008.09.27 21:57:41.317 1: CUL_EM emem: CNT 99  CUM: 410.810  5MIN: 0.040  TOP: 0.050
2008.09.27 21:58:00.792 1: CUL: T51027D6761 -68
2008.09.27 21:58:00.949 1: CUL: T51027D7761 -31.5
2008.09.27 21:58:01.306 1: CUL: T5102696761 -64
2008.09.27 21:58:05.905 1: CUL: K01936164 -66.5
2008.09.27 21:58:22.426 1: CUL: K21985168 -68
2008.09.27 21:58:38.672 1: CUL: T323200B600 -55.5
2008.09.27 21:59:29.867 1: CUL: T510200B600 -68
2008.09.27 22:00:01.017 1: CUL: F80C20500 -31
2008.09.27 22:00:01.017 2: FS20 Terrasse off
2008.09.27 22:00:01.269 1: CUL: F80C20400 -30.5
2008.09.27 22:00:01.269 2: FS20 TerrasseOben off
2008.09.27 22:00:01.524 1: CUL: F80C21300 -31
2008.09.27 22:00:01.524 2: FS20 Keller off
2008.09.27 22:00:34.673 1: CUL: T323200B600 -55.5
2008.09.27 22:00:36.500 1: CUL: K41196263 -56
2008.09.27 22:01:02.911 1: CUL: K01936164 -66.5
2008.09.27 22:01:18.433 1: CUL: K21989168 -64
2008.09.27 22:01:25.870 1: CUL: T510200B600 -68
2008.09.27 22:01:39.141 1: CUL: E0101289A030100B80B -69.5
2008.09.27 22:01:39.141 1: CUL_EM emwz: CNT 40  CUM: 147.520  5MIN: 0.160  TOP: 480.000
2008.09.27 22:02:30.674 1: CUL: T323200A600 -55.5
2008.09.27 22:02:41.314 1: CUL: E0205647CA004000500 -79.5
2008.09.27 22:02:41.314 1: CUL_EM emem: CNT 100  CUM: 410.840  5MIN: 0.040  TOP: 0.050
2008.09.27 22:03:21.870 1: CUL: T510200A600 -68
2008.09.27 22:03:31.505 1: CUL: K41207263 -56
2008.09.27 22:03:59.915 1: CUL: K01936164 -64
2008.09.27 22:04:14.439 1: CUL: K21985168 -65.5
2008.09.27 22:04:26.676 1: CUL: T323200A600 -55.5
2008.09.27 22:04:27.021 1: CUL: T32327D6761 -53.5
2008.09.27 22:04:27.180 1: CUL: T32327D7761 -30
2008.09.27 22:04:27.462 1: CUL: T32324279DD -31
2008.09.27 22:04:27.743 1: CUL: T3232437900 -30.5
2008.09.27 22:04:28.024 1: CUL: T32324B7700 -31
2008.09.27 22:04:28.305 1: CUL: T3232447900 -31
2008.09.27 22:04:28.587 1: CUL: T32324B7700 -30.5
2008.09.27 22:05:17.871 1: CUL: T510200A600 -68
2008.09.27 22:06:00.801 1: CUL: T51027D6761 -68
2008.09.27 22:06:00.958 1: CUL: T51027D7761 -31.5
2008.09.27 22:06:01.238 1: CUL: T51024279C8 -30.5
2008.09.27 22:06:01.518 1: CUL: T5102437900 -31
2008.09.27 22:06:01.798 1: CUL: T51024B7700 -31
2008.09.27 22:06:02.077 1: CUL: T5102447900 -30.5
2008.09.27 22:06:02.358 1: CUL: T51024B7700 -31
2008.09.27 22:06:22.678 1: CUL: T323200A600 -55
2008.09.27 22:06:23.021 1: CUL: T32327D6761 -54
2008.09.27 22:06:23.180 1: CUL: T32327D7761 -31
2008.09.27 22:06:23.539 1: CUL: T3232696761 -53.5
2008.09.27 22:06:26.510 1: CUL: K41207263 -56
2008.09.27 22:06:39.440 1: CUL: E0101299C030200F207 -66
2008.09.27 22:06:39.441 1: CUL_EM emwz: CNT 41  CUM: 147.840  5MIN: 0.320  TOP: 325.440
2008.09.27 22:06:56.920 1: CUL: K01936164 -66.5
2008.09.27 22:07:10.445 1: CUL: K21985168 -66
2008.09.27 22:07:13.874 1: CUL: T510200A600 -68
2008.09.27 22:07:41.307 1: CUL: E02056580A004000500 -78
2008.09.27 22:07:41.308 1: CUL_EM emem: CNT 101  CUM: 410.880  5MIN: 0.040  TOP: 0.050
2008.09.27 22:08:00.803 1: CUL: T51027D6761 -68
2008.09.27 22:08:00.960 1: CUL: T51027D7761 -29.5
2008.09.27 22:08:01.317 1: CUL: T5102696761 -64
2008.09.27 22:08:16.775 1: CUL: K1785200800E792 -89
2008.09.27 22:08:18.680 1: CUL: T323200A600 -55
2008.09.27 22:09:09.875 1: CUL: T510200A600 -68
2008.09.27 22:09:53.924 1: CUL: K01936164 -66.5
2008.09.27 22:10:06.452 1: CUL: K21989168 -65.5
2008.09.27 22:10:14.682 1: CUL: T323200A600 -55.5
2008.09.27 22:11:05.878 1: CUL: T510200A600 -68
2008.09.27 22:11:39.739 1: CUL: E01012A9D030100B80B -66
2008.09.27 22:11:39.739 1: CUL_EM emwz: CNT 42  CUM: 148.000  5MIN: 0.160  TOP: 480.000
2008.09.27 22:12:10.684 1: CUL: T323200A600 -55.5
2008.09.27 22:12:16.520 1: CUL: K41203263 -56.5
2008.09.27 22:12:41.305 1: CUL: E02056683A004000500 -78
2008.09.27 22:12:41.306 1: CUL_EM emem: CNT 102  CUM: 410.910  5MIN: 0.040  TOP: 0.050
2008.09.27 22:12:50.930 1: CUL: K01936164 -66.5
2008.09.27 22:13:01.879 1: CUL: T510200A600 -68
2008.09.27 22:14:06.686 1: CUL: T323200A600 -55.5
2008.09.27 22:14:57.881 1: CUL: T510200A600 -68
2008.09.27 22:15:11.526 1: CUL: K41203263 -56.5
2008.09.27 22:15:47.934 1: CUL: K01936164 -64
2008.09.27 22:15:58.464 1: CUL: K21989168 -65
2008.09.27 22:16:02.688 1: CUL: T323200A600 -55.5
2008.09.27 22:16:17.618 1: CUL: T32327D6761 -55.5
2008.09.27 22:16:17.776 1: CUL: T32327D7761 -31
2008.09.27 22:16:18.135 1: CUL: T3232696761 -53.5
2008.09.27 22:16:40.037 1: CUL: E01012B9E030100B80B -66.5
2008.09.27 22:16:40.037 1: CUL_EM emwz: CNT 43  CUM: 148.160  5MIN: 0.160  TOP: 480.000
2008.09.27 22:16:53.883 1: CUL: T510200A600 -68
2008.09.27 22:17:41.303 1: CUL: E02056786A004000500 -79.5
2008.09.27 22:17:41.303 1: CUL_EM emem: CNT 103  CUM: 410.940  5MIN: 0.040  TOP: 0.050
2008.09.27 22:17:58.690 1: CUL: T323200A600 -56
2008.09.27 22:18:06.530 1: CUL: K41203263 -56.5
2008.09.27 22:18:44.939 1: CUL: K01936164 -66.5
2008.09.27 22:18:49.885 1: CUL: T510200A600 -68
2008.09.27 22:18:50.225 1: CUL: T51027D6761 -62
2008.09.27 22:18:50.383 1: CUL: T51027D7761 -31
2008.09.27 22:18:50.740 1: CUL: T5102696761 -63.5
2008.09.27 22:18:54.470 1: CUL: K21989168 -65.5
2008.09.27 22:19:54.691 1: CUL: T323200A600 -55.5
2008.09.27 22:20:17.622 1: CUL: T32327D6761 -55.5
2008.09.27 22:20:17.780 1: CUL: T32327D7761 -30.5
2008.09.27 22:20:18.062 1: CUL: T32324279DD -31
2008.09.27 22:20:18.343 1: CUL: T3232437900 -31
2008.09.27 22:20:18.625 1: CUL: T32324B7700 -31
2008.09.27 22:20:18.905 1: CUL: T3232447900 -31.5
2008.09.27 22:20:19.187 1: CUL: T32324B7700 -31
2008.09.27 22:20:45.887 1: CUL: T510200A600 -68
2008.09.27 22:21:01.536 1: CUL: K41203263 -56.5
2008.09.27 22:21:40.336 1: CUL: E01012C9F030100B80B -66
2008.09.27 22:21:40.337 1: CUL_EM emwz: CNT 44  CUM: 148.320  5MIN: 0.160  TOP: 480.000
2008.09.27 22:21:41.944 1: CUL: K01936164 -66.5
2008.09.27 22:21:50.477 1: CUL: K21989168 -68
2008.09.27 22:21:50.693 1: CUL: T323200A600 -55.5
2008.09.27 22:22:41.299 1: CUL: E0205688AA004000600 -79.5
2008.09.27 22:22:41.300 1: CUL_EM emem: CNT 104  CUM: 410.980  5MIN: 0.040  TOP: 0.060
2008.09.27 22:22:41.889 1: CUL: T510200A600 -68
2008.09.27 22:22:42.230 1: CUL: T51027D6761 -62
2008.09.27 22:22:42.388 1: CUL: T51027D7761 -31
2008.09.27 22:22:42.668 1: CUL: T51024279C8 -30.5
2008.09.27 22:22:42.948 1: CUL: T5102437900 -31
2008.09.27 22:22:43.228 1: CUL: T51024B7700 -31
2008.09.27 22:22:43.507 1: CUL: T5102447900 -31
2008.09.27 22:22:43.788 1: CUL: T51024B7700 -31
2008.09.27 22:23:46.695 1: CUL: T323200A600 -55.5
2008.09.27 22:23:56.541 1: CUL: K41203263 -56.5
2008.09.27 22:24:37.894 1: CUL: T510200A600 -68.5
2008.09.27 22:24:38.949 1: CUL: K01936164 -66.5
2008.09.27 22:24:46.482 1: CUL: K21989168 -65.5
2008.09.27 22:25:42.697 1: CUL: T323200A600 -55.5
2008.09.27 22:26:17.631 1: CUL: T32327D6761 -55.5
2008.09.27 22:26:17.789 1: CUL: T32327D7761 -30.5
2008.09.27 22:26:18.148 1: CUL: T3232696761 -53.5
2008.09.27 22:26:33.893 1: CUL: T510200A600 -68
2008.09.27 22:26:40.746 1: CUL: E01012DA0030100B80B -66
2008.09.27 22:26:40.746 1: CUL_EM emwz: CNT 45  CUM: 148.480  5MIN: 0.160  TOP: 480.000
2008.09.27 22:26:51.546 1: CUL: K41203263 -56.5
2008.09.27 22:27:38.699 1: CUL: T323200A600 -55.5
2008.09.27 22:27:41.296 1: CUL: E0205698DA004000600 -78
2008.09.27 22:27:41.296 1: CUL_EM emem: CNT 105  CUM: 411.010  5MIN: 0.040  TOP: 0.060
2008.09.27 22:27:42.489 1: CUL: K21989168 -65
2008.09.27 22:28:29.895 1: CUL: T510200A600 -68
2008.09.27 22:28:30.235 1: CUL: T51027D6761 -62
2008.09.27 22:28:30.393 1: CUL: T51027D7761 -31
2008.09.27 22:28:30.750 1: CUL: T5102696761 -66
2008.09.27 22:29:34.701 1: CUL: T323200A600 -55.5
2008.09.27 22:29:46.551 1: CUL: K41203263 -56
2008.09.27 22:30:25.897 1: CUL: T510200A600 -68
2008.09.27 22:30:32.959 1: CUL: K01946164 -63.5
2008.09.27 22:30:38.495 1: CUL: K21989168 -68
2008.09.27 22:31:09.341 1: CUL: K1781300800E762 -89.5
2008.09.27 22:31:30.703 1: CUL: T323200A600 -55.5
2008.09.27 22:31:41.045 1: CUL: E01012EA1030100B80B -69
2008.09.27 22:31:41.046 1: CUL_EM emwz: CNT 46  CUM: 148.640  5MIN: 0.160  TOP: 480.000
2008.09.27 22:32:21.899 1: CUL: T510200A600 -68.5
2008.09.27 22:32:41.293 1: CUL: E02056A91A004000600 -79
2008.09.27 22:32:41.294 1: CUL_EM emem: CNT 106  CUM: 411.050  5MIN: 0.040  TOP: 0.060
2008.09.27 22:32:41.555 1: CUL: K41192263 -56.5
2008.09.27 22:33:26.775 1: CUL: T323200A600 -55.5
2008.09.27 22:33:29.963 1: CUL: K01930165 -66.5
2008.09.27 22:33:34.502 1: CUL: K21989168 -68
2008.09.27 22:34:17.901 1: CUL: T510200A600 -68
2008.09.27 22:35:22.707 1: CUL: T323200A600 -55.5
2008.09.27 22:35:36.561 1: CUL: K41192263 -56.5
2008.09.27 22:36:13.903 1: CUL: T510200A600 -68
2008.09.27 22:36:17.638 1: CUL: T32327D6761 -55.5
2008.09.27 22:36:17.795 1: CUL: T32327D7761 -31.5
2008.09.27 22:36:18.155 1: CUL: T3232696761 -53.5
2008.09.27 22:36:26.967 1: CUL: K01930165 -64
2008.09.27 22:36:30.507 1: CUL: K21989168 -65.5
2008.09.27 22:36:41.232 1: CUL: E01012FA2030100B80B -66
2008.09.27 22:36:41.232 1: CUL_EM emwz: CNT 47  CUM: 148.800  5MIN: 0.160  TOP: 480.000
2008.09.27 22:37:18.709 1: CUL: T323200A600 -56
2008.09.27 22:37:19.234 1: CUL: T32327D7761 -30.5
2008.09.27 22:37:19.496 1: CUL: T32324279DC -31
2008.09.27 22:37:19.776 1: CUL: T3232437900 -30.5
2008.09.27 22:37:20.057 1: CUL: T32324B7700 -31
2008.09.27 22:37:20.338 1: CUL: T3232447900 -31
2008.09.27 22:37:20.620 1: CUL: T32324B7700 -30.5
2008.09.27 22:37:41.289 1: CUL: E02056B91A000000000 -77.5
2008.09.27 22:37:41.289 1: CUL_EM emem: CNT 107  CUM: 411.050  5MIN: 0.000  TOP: 0.000
2008.09.27 22:38:09.904 1: CUL: T510200A600 -68
2008.09.27 22:38:10.245 1: CUL: T51027D6761 -63
2008.09.27 22:38:10.403 1: CUL: T51027D7761 -31
2008.09.27 22:38:10.759 1: CUL: T5102696761 -66
2008.09.27 22:38:31.566 1: CUL: K41192263 -56
2008.09.27 22:39:14.710 1: CUL: T323200A600 -55.5
2008.09.27 22:39:23.972 1: CUL: K01936164 -64
2008.09.27 22:39:26.514 1: CUL: K21989168 -65
2008.09.27 22:40:05.907 1: CUL: T510200A600 -68
2008.09.27 22:40:06.248 1: CUL: T51027D6761 -63
2008.09.27 22:40:06.406 1: CUL: T51027D7761 -30.5
2008.09.27 22:40:06.686 1: CUL: T51024279C8 -29.5
2008.09.27 22:40:06.966 1: CUL: T5102437900 -31
2008.09.27 22:40:07.245 1: CUL: T51024B7700 -31
2008.09.27 22:40:07.525 1: CUL: T5102447900 -31
2008.09.27 22:40:07.805 1: CUL: T51024B7700 -31
2008.09.27 22:41:10.713 1: CUL: T323200A600 -55.5
2008.09.27 22:41:26.571 1: CUL: K41182263 -56.5
2008.09.27 22:41:41.526 1: CUL: E010130A20300000000 -66
2008.09.27 22:41:41.527 1: CUL_EM emwz: CNT 48  CUM: 148.800  5MIN: 0.000  TOP: 0.000
2008.09.27 22:42:01.908 1: CUL: T510200A600 -68
2008.09.27 22:42:20.977 1: CUL: K01930165 -66.5
2008.09.27 22:42:22.520 1: CUL: K21989168 -68
2008.09.27 22:42:41.285 1: CUL: E02056C91A000000000 -78.5
2008.09.27 22:42:41.286 1: CUL_EM emem: CNT 108  CUM: 411.050  5MIN: 0.000  TOP: 0.000
2008.09.27 22:43:06.714 1: CUL: T323200A600 -56
2008.09.27 22:43:57.911 1: CUL: T510200A600 -68
2008.09.27 22:44:21.577 1: CUL: K41182263 -56.5
2008.09.27 22:45:02.717 1: CUL: T323200A600 -55.5
2008.09.27 22:45:17.982 1: CUL: K01930165 -66.5
2008.09.27 22:45:18.525 1: CUL: K21989168 -67
2008.09.27 22:45:53.912 1: CUL: T510200A600 -68
2008.09.27 22:45:54.194 1: CUL: T5102537761 -30
2008.09.27 22:45:54.524 1: CUL: T51027D7761 -31.5
2008.09.27 22:45:54.808 1: CUL: T51026579FF -30.5
2008.09.27 22:45:55.093 1: CUL: T51026679FF -30.5
2008.09.27 22:45:55.385 1: CUL: T51024B77FF -31
2008.09.27 22:45:55.716 1: CUL: T51024B77FF -31
2008.09.27 22:45:56.036 1: CUL: T51024B77FF -30.5
2008.09.27 22:45:56.321 1: CUL: T51027E77FF -31.5
2008.09.27 22:46:41.829 1: CUL: E010131A3030100B80B -66.5
2008.09.27 22:46:41.829 1: CUL_EM emwz: CNT 49  CUM: 148.960  5MIN: 0.160  TOP: 480.000
2008.09.27 22:46:58.788 1: CUL: T323200A600 -55
2008.09.27 22:46:59.041 1: CUL: T3232537761 -30
2008.09.27 22:46:59.173 1: CUL: T3232546761 -55
2008.09.27 22:46:59.332 1: CUL: T32327D7761 -31
2008.09.27 22:46:59.618 1: CUL: T32326579FF -31
2008.09.27 22:46:59.913 1: CUL: T32326679FF -30.5
2008.09.27 22:47:00.209 1: CUL: T32324B77FF -31
2008.09.27 22:47:00.504 1: CUL: T32327E77FF -31.5
2008.09.27 22:47:16.581 1: CUL: K41182263 -56.5
2008.09.27 22:47:41.283 1: CUL: E02056D91A000000000 -79.5
2008.09.27 22:47:41.284 1: CUL_EM emem: CNT 109  CUM: 411.050  5MIN: 0.000  TOP: 0.000
2008.09.27 22:47:49.915 1: CUL: T510200A600 -68.5
2008.09.27 22:47:50.256 1: CUL: T51027D6761 -62
2008.09.27 22:47:50.414 1: CUL: T51027D7761 -31.5
2008.09.27 22:47:50.694 1: CUL: T510214792A -31
2008.09.27 22:47:50.979 1: CUL: T510215798A -31
2008.09.27 22:47:51.261 1: CUL: T5102167990 -31
2008.09.27 22:47:51.544 1: CUL: T5102177990 -31
2008.09.27 22:47:51.825 1: CUL: T51024B7790 -31
2008.09.27 22:47:52.106 1: CUL: T510218792A -31
2008.09.27 22:47:52.392 1: CUL: T510219798A -30.5
2008.09.27 22:47:52.672 1: CUL: T51021A7990 -31
2008.09.27 22:47:52.955 1: CUL: T51021B7990 -31
2008.09.27 22:47:53.238 1: CUL: T51024B7790 -31
2008.09.27 22:47:53.521 1: CUL: T51021C792A -30.5
2008.09.27 22:47:53.807 1: CUL: T51021D798A -30.5
2008.09.27 22:47:54.087 1: CUL: T51021E7990 -31
2008.09.27 22:47:54.372 1: CUL: T51021F7990 -31
2008.09.27 22:47:54.653 1: CUL: T51024B7790 -30.5
2008.09.27 22:47:54.934 1: CUL: T510220792A -31
2008.09.27 22:47:55.218 1: CUL: T510221798A -30.5
2008.09.27 22:47:55.499 1: CUL: T5102227990 -31
2008.09.27 22:47:55.783 1: CUL: T5102237990 -31.5
2008.09.27 22:47:56.065 1: CUL: T51024B7790 -31
2008.09.27 22:47:56.348 1: CUL: T510224792A -31
2008.09.27 22:47:56.632 1: CUL: T510225798A -31
2008.09.27 22:47:56.915 1: CUL: T5102267990 -31
2008.09.27 22:47:57.199 1: CUL: T5102277990 -31
2008.09.27 22:47:57.481 1: CUL: T51024B7790 -31
2008.09.27 22:47:57.763 1: CUL: T5102287936 -31
2008.09.27 22:47:58.048 1: CUL: T510229798A -30
2008.09.27 22:47:58.329 1: CUL: T51022A7990 -31
2008.09.27 22:47:58.611 1: CUL: T51022B7990 -31
2008.09.27 22:47:58.893 1: CUL: T51024B7790 -30.5
2008.09.27 22:47:59.177 1: CUL: T51022C7936 -31
2008.09.27 22:47:59.462 1: CUL: T51022D798A -30
2008.09.27 22:47:59.743 1: CUL: T51022E7990 -31
2008.09.27 22:48:00.027 1: CUL: T51022F7990 -31
2008.09.27 22:48:00.308 1: CUL: T51024B7790 -31
2008.09.27 22:48:00.590 1: CUL: T5102827927 -31
2008.09.27 22:48:00.872 1: CUL: T5102847920 -30.5
2008.09.27 22:48:01.208 1: CUL: T51028A7918 -30.5
2008.09.27 22:48:01.625 1: CUL: T51024B7718 -31
2008.09.27 22:48:01.719 1: CUL: T5102857904 -31
2008.09.27 22:48:02.040 1: CUL: T51024B7704 -31
2008.09.27 22:48:02.281 1: CUL: T5102417927 -31
2008.09.27 22:48:02.565 1: CUL: T51024B7727 -30.5
2008.09.27 22:48:02.846 1: CUL: T51024279C8 -31
2008.09.27 22:48:03.126 1: CUL: T5102437900 -31
2008.09.27 22:48:03.406 1: CUL: T51024B7700 -31
2008.09.27 22:48:03.689 1: CUL: T51023E7900 -30.5
2008.09.27 22:48:03.968 1: CUL: T51024B7700 -31
2008.09.27 22:48:04.247 1: CUL: T5102447900 -31
2008.09.27 22:48:04.611 1: CUL: T5102446900 -65
2008.09.27 22:48:04.766 1: CUL: T5102447900 -31
2008.09.27 22:48:05.046 1: CUL: T51024B7700 -31
2008.09.27 22:48:14.986 1: CUL: K01930165 -66.5
2008.09.27 22:48:54.720 1: CUL: T323200A600 -55.5
2008.09.27 22:48:55.064 1: CUL: T32327D6761 -53.5
2008.09.27 22:48:55.223 1: CUL: T32327D7761 -30.5
2008.09.27 22:48:55.504 1: CUL: T323214792A -31
2008.09.27 22:48:55.788 1: CUL: T323215798A -30.5
2008.09.27 22:48:56.073 1: CUL: T3232167990 -30.5
2008.09.27 22:48:56.354 1: CUL: T3232177990 -31
2008.09.27 22:48:56.638 1: CUL: T32324B7790 -31
2008.09.27 22:48:56.921 1: CUL: T323218792A -31
2008.09.27 22:48:57.289 1: CUL: T323218692A -53.5
2008.09.27 22:48:57.446 1: CUL: T323218792A -31
2008.09.27 22:48:57.731 1: CUL: T323219798A -31
2008.09.27 22:48:58.013 1: CUL: T32321A7990 -30
2008.09.27 22:48:58.296 1: CUL: T32321B7990 -30.5
2008.09.27 22:48:58.579 1: CUL: T32324B7790 -30.5
2008.09.27 22:48:58.865 1: CUL: T32321C792A -31
2008.09.27 22:48:59.146 1: CUL: T32321D798A -30.5
2008.09.27 22:48:59.430 1: CUL: T32321E7990 -30.5
2008.09.27 22:48:59.713 1: CUL: T32321F7990 -31
2008.09.27 22:48:59.995 1: CUL: T32324B7790 -31
2008.09.27 22:49:00.278 1: CUL: T323220792A -30
2008.09.27 22:49:00.560 1: CUL: T323221798A -31
2008.09.27 22:49:00.843 1: CUL: T3232227990 -30
2008.09.27 22:49:01.126 1: CUL: T3232237990 -31
2008.09.27 22:49:01.409 1: CUL: T32324B7790 -31
2008.09.27 22:49:01.693 1: CUL: T323224792A -30.5
2008.09.27 22:49:01.979 1: CUL: T323225798F -31
2008.09.27 22:49:02.271 1: CUL: T3232267990 -30.5
2008.09.27 22:49:02.552 1: CUL: T3232277990 -31
2008.09.27 22:49:02.836 1: CUL: T32324B7790 -31
2008.09.27 22:49:03.120 1: CUL: T323228793C -31
2008.09.27 22:49:03.406 1: CUL: T323229798F -31
2008.09.27 22:49:03.687 1: CUL: T32322A7990 -31
2008.09.27 22:49:04.055 1: CUL: T32322A6990 -53.5
2008.09.27 22:49:04.212 1: CUL: T32322A7990 -30.5
2008.09.27 22:49:04.495 1: CUL: T32322B7990 -31
2008.09.27 22:49:04.778 1: CUL: T32324B7790 -31
2008.09.27 22:49:05.062 1: CUL: T32322C793C -31.5
2008.09.27 22:49:05.344 1: CUL: T32322D798A -30.5
2008.09.27 22:49:05.629 1: CUL: T32322E7990 -31
2008.09.27 22:49:05.913 1: CUL: T32322F7990 -31
2008.09.27 22:49:06.195 1: CUL: T32324B7790 -31
2008.09.27 22:49:06.476 1: CUL: T3232827928 -31
2008.09.27 22:49:06.758 1: CUL: T3232847924 -31
2008.09.27 22:49:07.136 1: CUL: T32328A7918 -31
2008.09.27 22:49:07.546 1: CUL: T32324B7718 -30.5
2008.09.27 22:49:07.609 1: CUL: T3232857904 -31
2008.09.27 22:49:07.960 1: CUL: T32324B7704 -30.5
2008.09.27 22:49:08.173 1: CUL: T3232417924 -31.5
2008.09.27 22:49:08.457 1: CUL: T32324B7724 -30
2008.09.27 22:49:08.743 1: CUL: T32324279DC -31
2008.09.27 22:49:09.023 1: CUL: T3232437900 -30.5
2008.09.27 22:49:09.304 1: CUL: T32324B7700 -30.5
2008.09.27 22:49:09.587 1: CUL: T32323E7900 -31
2008.09.27 22:49:09.868 1: CUL: T32324B7700 -30.5
2008.09.27 22:49:10.148 1: CUL: T3232447900 -31
2008.09.27 22:49:10.431 1: CUL: T32324B7700 -31
2008.09.27 22:49:45.916 1: CUL: T510200A600 -68
2008.09.27 22:50:11.587 1: CUL: K41182263 -56.5
2008.09.27 22:50:50.722 1: CUL: T323200A600 -55.5
2008.09.27 22:51:10.539 1: CUL: K21989168 -65
2008.09.27 22:51:11.992 1: CUL: K01930165 -64
2008.09.27 22:51:41.918 1: CUL: T510200A600 -68.5
2008.09.27 22:51:42.204 1: CUL: E010132A4030100B80B -64
2008.09.27 22:51:42.205 1: CUL_EM emwz: CNT 50  CUM: 149.120  5MIN: 0.160  TOP: 480.000
2008.09.27 22:52:41.279 1: CUL: E02056E91A000000000 -78.5
2008.09.27 22:52:41.279 1: CUL_EM emem: CNT 110  CUM: 411.050  5MIN: 0.000  TOP: 0.000
2008.09.27 22:52:46.724 1: CUL: T323200A600 -55.5
2008.09.27 22:52:47.068 1: CUL: T32327D6761 -54
2008.09.27 22:52:47.227 1: CUL: T32327D7761 -31
2008.09.27 22:52:47.509 1: CUL: T32324279DB -31
2008.09.27 22:52:47.790 1: CUL: T3232437900 -31
2008.09.27 22:52:48.072 1: CUL: T32324B7700 -31
2008.09.27 22:52:48.352 1: CUL: T3232447900 -31
2008.09.27 22:52:48.634 1: CUL: T32324B7700 -31
2008.09.27 22:53:06.591 1: CUL: K41182263 -56.5
2008.09.27 22:53:37.920 1: CUL: T510200A600 -68.5
2008.09.27 22:54:00.850 1: CUL: T51027D6761 -68
2008.09.27 22:54:01.007 1: CUL: T51027D7761 -31.5
2008.09.27 22:54:01.287 1: CUL: T51024279C8 -30.5
2008.09.27 22:54:01.567 1: CUL: T5102437900 -31
2008.09.27 22:54:01.846 1: CUL: T51024B7700 -31
2008.09.27 22:54:02.213 1: CUL: T51024B6700 -64.5
2008.09.27 22:54:02.368 1: CUL: T51024B7700 -31
2008.09.27 22:54:02.648 1: CUL: T5102447900 -31
2008.09.27 22:54:02.928 1: CUL: T51024B7700 -31
2008.09.27 22:54:06.544 1: CUL: K21989168 -68
2008.09.27 22:54:08.996 1: CUL: K01930165 -66.5
2008.09.27 22:54:42.727 1: CUL: T323200A600 -55.5
2008.09.27 22:55:33.922 1: CUL: T510200A600 -68
2008.09.27 22:56:01.597 1: CUL: K41172263 -56
2008.09.27 22:56:38.728 1: CUL: T323200A600 -55.5
2008.09.27 22:56:39.072 1: CUL: T32327D6761 -53.5
2008.09.27 22:56:39.230 1: CUL: T32327D7761 -31
2008.09.27 22:56:39.589 1: CUL: T3232696761 -54
2008.09.27 22:56:42.538 1: CUL: E010133A5030100B80B -71
2008.09.27 22:56:42.538 1: CUL_EM emwz: CNT 51  CUM: 149.280  5MIN: 0.160  TOP: 480.000
2008.09.27 22:57:02.551 1: CUL: K21989168 -68
2008.09.27 22:57:06.001 1: CUL: K01930165 -66.5
2008.09.27 22:57:29.924 1: CUL: T510200A600 -68.5
2008.09.27 22:57:41.277 1: CUL: E02056F92A000000000 -79
2008.09.27 22:57:41.278 1: CUL_EM emem: CNT 111  CUM: 411.060  5MIN: 0.000  TOP: 0.000
2008.09.27 22:58:00.853 1: CUL: T51027D6761 -68
2008.09.27 22:58:01.010 1: CUL: T51027D7761 -30.5
2008.09.27 22:58:01.367 1: CUL: T5102696761 -64
2008.09.27 22:58:34.730 1: CUL: T323200A600 -55.5
2008.09.27 22:58:56.602 1: CUL: K41176263 -56
2008.09.27 22:59:25.926 1: CUL: T510200A600 -68.5
2008.09.27 22:59:58.558 1: CUL: K21989168 -65.5
2008.09.27 23:00:03.006 1: CUL: K01930165 -64
2008.09.27 23:00:30.732 1: CUL: T323200A600 -55.5
2008.09.27 23:01:21.927 1: CUL: T510200A600 -68
2008.09.27 23:01:42.722 1: CUL: E010134A50300000000 -70.5
2008.09.27 23:01:42.722 1: CUL_EM emwz: CNT 52  CUM: 149.280  5MIN: 0.000  TOP: 0.000
2008.09.27 23:01:51.607 1: CUL: K41172263 -56
2008.09.27 23:02:26.733 1: CUL: T323200A600 -55.5
2008.09.27 23:02:41.272 1: CUL: E02057092A000000000 -80
2008.09.27 23:02:41.272 1: CUL_EM emem: CNT 112  CUM: 411.060  5MIN: 0.000  TOP: 0.000
2008.09.27 23:02:54.563 1: CUL: K21989168 -67.5
2008.09.27 23:03:00.011 1: CUL: K01930165 -64
2008.09.27 23:03:17.930 1: CUL: T510200A600 -68
2008.09.27 23:03:18.270 1: CUL: T51027D6761 -62
2008.09.27 23:03:18.428 1: CUL: T51027D7761 -31
2008.09.27 23:03:18.707 1: CUL: T5102417920 -31
2008.09.27 23:03:18.989 1: CUL: T51024B7720 -31
2008.09.27 23:04:22.736 1: CUL: T323200A600 -55.5
2008.09.27 23:04:23.081 1: CUL: T32327D6761 -54
2008.09.27 23:04:23.240 1: CUL: T32327D7761 -31
2008.09.27 23:04:23.522 1: CUL: T32324279DB -31
2008.09.27 23:04:23.803 1: CUL: T3232437900 -31
2008.09.27 23:04:24.084 1: CUL: T32324B7700 -30.5
2008.09.27 23:04:24.365 1: CUL: T3232447900 -30.5
2008.09.27 23:04:24.647 1: CUL: T32324B7700 -30.5
2008.09.27 23:04:46.612 1: CUL: K41172263 -56
2008.09.27 23:05:13.931 1: CUL: T510200A600 -68
2008.09.27 23:05:57.015 1: CUL: K01930165 -66.5
2008.09.27 23:06:00.861 1: CUL: T51027D6761 -67.5
2008.09.27 23:06:01.018 1: CUL: T51027D7761 -30.5
2008.09.27 23:06:01.298 1: CUL: T51024279C8 -30.5
2008.09.27 23:06:01.578 1: CUL: T5102437900 -31
2008.09.27 23:06:01.858 1: CUL: T51024B7700 -31
2008.09.27 23:06:02.137 1: CUL: T5102447900 -31
2008.09.27 23:06:02.418 1: CUL: T51024B7700 -31
2008.09.27 23:06:18.737 1: CUL: T323200A600 -55.5
2008.09.27 23:06:19.081 1: CUL: T32327D6761 -54
2008.09.27 23:06:19.240 1: CUL: T32327D7761 -31
2008.09.27 23:06:19.599 1: CUL: T3232696761 -53.5
2008.09.27 23:06:43.133 1: CUL: E010135A6030100B80B -66.5
2008.09.27 23:06:43.134 1: CUL_EM emwz: CNT 53  CUM: 149.440  5MIN: 0.160  TOP: 480.000
2008.09.27 23:07:09.934 1: CUL: T510200A600 -68
2008.09.27 23:07:41.268 1: CUL: E02057192A000000000 -77.5
2008.09.27 23:07:41.269 1: CUL_EM emem: CNT 113  CUM: 411.060  5MIN: 0.000  TOP: 0.000
2008.09.27 23:07:41.616 1: CUL: K41176263 -54.5
2008.09.27 23:08:00.863 1: CUL: T51027D6761 -68
2008.09.27 23:08:01.020 1: CUL: T51027D7761 -30.5
2008.09.27 23:08:01.377 1: CUL: T5102696761 -63
2008.09.27 23:08:14.740 1: CUL: T323200A600 -56
2008.09.27 23:08:46.576 1: CUL: K21989168 -68
2008.09.27 23:08:54.020 1: CUL: K01930165 -66.5
2008.09.27 23:09:05.935 1: CUL: T510200A600 -68.5
2008.09.27 23:10:10.741 1: CUL: T323200A600 -56
2008.09.27 23:10:36.622 1: CUL: K41166263 -56
2008.09.27 23:11:01.938 1: CUL: T510200A600 -68
2008.09.27 23:11:42.582 1: CUL: K21989168 -66.5
2008.09.27 23:11:43.432 1: CUL: E010136A7030100B80B -71
2008.09.27 23:11:43.432 1: CUL_EM emwz: CNT 54  CUM: 149.600  5MIN: 0.160  TOP: 480.000
2008.09.27 23:11:51.025 1: CUL: K01930165 -66.5
2008.09.27 23:12:06.743 1: CUL: T323200A600 -55.5
2008.09.27 23:12:41.266 1: CUL: E02057292A000000000 -78.5
2008.09.27 23:12:41.266 1: CUL_EM emem: CNT 114  CUM: 411.060  5MIN: 0.000  TOP: 0.000
2008.09.27 23:12:57.939 1: CUL: T510200A600 -68
2008.09.27 23:13:31.627 1: CUL: K41166263 -56
2008.09.27 23:14:02.745 1: CUL: T323200A600 -55.5
2008.09.27 23:14:38.588 1: CUL: K21989168 -67
2008.09.27 23:14:48.030 1: CUL: K01930165 -66.5
2008.09.27 23:14:53.941 1: CUL: T510200A600 -68
2008.09.27 23:15:58.747 1: CUL: T323200A600 -56
2008.09.27 23:16:17.677 1: CUL: T32327D6761 -55.5
2008.09.27 23:16:17.834 1: CUL: T32327D7761 -30.5
2008.09.27 23:16:18.194 1: CUL: T3232696761 -54
2008.09.27 23:16:26.632 1: CUL: K41166263 -56
2008.09.27 23:16:43.619 1: CUL: E010137A8030100B80B -66.5
2008.09.27 23:16:43.620 1: CUL_EM emwz: CNT 55  CUM: 149.760  5MIN: 0.160  TOP: 480.000
2008.09.27 23:16:50.011 1: CUL: T510200A600 -68.5
2008.09.27 23:17:34.595 1: CUL: K21989168 -68
2008.09.27 23:17:41.263 1: CUL: E02057392A000000000 -78.5
2008.09.27 23:17:41.264 1: CUL_EM emem: CNT 115  CUM: 411.060  5MIN: 0.000  TOP: 0.000
2008.09.27 23:17:45.034 1: CUL: K01930165 -64
2008.09.27 23:17:54.749 1: CUL: T323200A600 -55.5
2008.09.27 23:18:45.945 1: CUL: T510200A600 -68.5
2008.09.27 23:18:46.286 1: CUL: T51027D6761 -64
2008.09.27 23:18:46.444 1: CUL: T51027D7761 -31
2008.09.27 23:18:46.800 1: CUL: T5102696761 -64
2008.09.27 23:19:21.638 1: CUL: K41166263 -56
2008.09.27 23:19:26.980 1: CUL: K1775400800E7A2 -92
2008.09.27 23:19:50.751 1: CUL: T323200A600 -55.5
2008.09.27 23:20:17.682 1: CUL: T32327D6761 -55.5
2008.09.27 23:20:17.839 1: CUL: T32327D7761 -31
2008.09.27 23:20:18.389 1: CUL: T32324279DA -31
2008.09.27 23:20:18.669 1: CUL: T3232437900 -31
2008.09.27 23:20:18.950 1: CUL: T32324B7700 -30.5
2008.09.27 23:20:19.230 1: CUL: T3232447900 -30.5
2008.09.27 23:20:19.512 1: CUL: T32324B7700 -31
2008.09.27 23:20:30.600 1: CUL: K21989168 -65.5
2008.09.27 23:20:41.947 1: CUL: T510200A600 -68.5
2008.09.27 23:21:43.917 1: CUL: E010138A9030100B80B -66.5
2008.09.27 23:21:43.917 1: CUL_EM emwz: CNT 56  CUM: 149.920  5MIN: 0.160  TOP: 480.000
2008.09.27 23:21:46.753 1: CUL: T323200A600 -55.5
2008.09.27 23:22:16.642 1: CUL: K41166263 -56
2008.09.27 23:22:37.949 1: CUL: T510200A600 -68
2008.09.27 23:22:38.448 1: CUL: T51027D7761 -30.5
2008.09.27 23:22:38.728 1: CUL: T51024279C8 -31
2008.09.27 23:22:39.008 1: CUL: T5102437900 -31
2008.09.27 23:22:39.288 1: CUL: T51024B7700 -31
2008.09.27 23:22:39.567 1: CUL: T5102447900 -31
2008.09.27 23:22:39.848 1: CUL: T51024B7700 -31
2008.09.27 23:22:41.259 1: CUL: E02057493A000000000 -78
2008.09.27 23:22:41.259 1: CUL_EM emem: CNT 116  CUM: 411.070  5MIN: 0.000  TOP: 0.000
2008.09.27 23:23:26.607 1: CUL: K21989168 -67.5
2008.09.27 23:23:39.044 1: CUL: K01930165 -62.5
2008.09.27 23:23:42.755 1: CUL: T323200A600 -55.5
2008.09.27 23:24:33.953 1: CUL: T510200A600 -68
2008.09.27 23:25:11.648 1: CUL: K41166263 -56
2008.09.27 23:25:38.756 1: CUL: T323200A600 -56
2008.09.27 23:26:17.687 1: CUL: T32327D6761 -55.5
2008.09.27 23:26:17.844 1: CUL: T32327D7761 -31
2008.09.27 23:26:18.204 1: CUL: T3232696761 -53.5
2008.09.27 23:26:22.613 1: CUL: K21989168 -65
2008.09.27 23:26:29.953 1: CUL: T510200A600 -68.5
2008.09.27 23:26:36.049 1: CUL: K01920165 -64
2008.09.27 23:26:44.328 1: CUL: E010139AB030200A408 -68
2008.09.27 23:26:44.329 1: CUL_EM emwz: CNT 57  CUM: 150.240  5MIN: 0.320  TOP: 353.920
2008.09.27 23:27:34.759 1: CUL: T323200A600 -55.5
2008.09.27 23:27:41.257 1: CUL: E02057593A000000000 -77.5
2008.09.27 23:27:41.257 1: CUL_EM emem: CNT 117  CUM: 411.070  5MIN: 0.000  TOP: 0.000
2008.09.27 23:28:06.652 1: CUL: K41166263 -56
2008.09.27 23:28:25.954 1: CUL: T510200A600 -68
2008.09.27 23:28:26.295 1: CUL: T51027D6761 -63
2008.09.27 23:28:26.454 1: CUL: T51027D7761 -31
2008.09.27 23:28:26.812 1: CUL: T5102696761 -63
2008.09.27 23:29:18.620 1: CUL: K21989168 -68
2008.09.27 23:29:30.760 1: CUL: T323200A600 -55.5
2008.09.27 23:29:33.053 1: CUL: K01930165 -63
2008.09.27 23:30:21.957 1: CUL: T510200A600 -68
2008.09.27 23:31:01.658 1: CUL: K41166263 -56
2008.09.27 23:31:26.763 1: CUL: T323200A600 -55.5
2008.09.27 23:31:44.515 1: CUL: E01013AAC030100B80B -66
2008.09.27 23:31:44.515 1: CUL_EM emwz: CNT 58  CUM: 150.400  5MIN: 0.160  TOP: 480.000
2008.09.27 23:32:14.625 1: CUL: K21989168 -68
2008.09.27 23:32:17.959 1: CUL: T510200A600 -68
2008.09.27 23:32:30.059 1: CUL: K01930165 -66.5
2008.09.27 23:32:41.253 1: CUL: E02057693A000000000 -78
2008.09.27 23:32:41.254 1: CUL_EM emem: CNT 118  CUM: 411.070  5MIN: 0.000  TOP: 0.000
2008.09.27 23:33:22.764 1: CUL: T323200A600 -55.5
2008.09.27 23:33:56.662 1: CUL: K41156263 -56
2008.09.27 23:34:13.961 1: CUL: T510200A600 -68
2008.09.27 23:35:10.632 1: CUL: K21989168 -68
2008.09.27 23:35:18.766 1: CUL: T323200A600 -55.5
2008.09.27 23:35:27.063 1: CUL: K01930165 -66.5
2008.09.27 23:36:09.963 1: CUL: T510200A600 -68.5
2008.09.27 23:36:44.926 1: CUL: E01013BAD030100B80B -68
2008.09.27 23:36:44.927 1: CUL_EM emwz: CNT 59  CUM: 150.560  5MIN: 0.160  TOP: 480.000
2008.09.27 23:36:51.667 1: CUL: K41156263 -56
2008.09.27 23:37:14.768 1: CUL: T323200A600 -55.5
2008.09.27 23:37:15.112 1: CUL: T32327D6761 -54
2008.09.27 23:37:15.271 1: CUL: T32327D7761 -31
2008.09.27 23:37:15.897 1: CUL: T3232696761 -53.5
2008.09.27 23:37:41.251 1: CUL: E02057793A000000000 -77.5
2008.09.27 23:37:41.251 1: CUL_EM emem: CNT 119  CUM: 411.070  5MIN: 0.000  TOP: 0.000
2008.09.27 23:38:05.964 1: CUL: T510200A600 -68
2008.09.27 23:38:06.304 1: CUL: T51027D6761 -64
2008.09.27 23:38:06.462 1: CUL: T51027D7761 -31.5
2008.09.27 23:38:06.819 1: CUL: T5102696761 -64
2008.09.27 23:38:24.068 1: CUL: K01920165 -66.5
2008.09.27 23:39:10.770 1: CUL: T323200A600 -55
2008.09.27 23:39:11.115 1: CUL: T32327D6761 -53.5
2008.09.27 23:39:11.273 1: CUL: T32327D7761 -31
2008.09.27 23:39:11.555 1: CUL: T32324279D9 -31
2008.09.27 23:39:11.836 1: CUL: T3232437900 -31
2008.09.27 23:39:12.117 1: CUL: T32324B7700 -31.5
2008.09.27 23:39:12.398 1: CUL: T3232447900 -30.5
2008.09.27 23:39:12.680 1: CUL: T32324B7700 -31
2008.09.27 23:39:46.673 1: CUL: K41156263 -56
2008.09.27 23:40:02.035 1: CUL: T510200A600 -68.5
2008.09.27 23:40:02.465 1: CUL: T51027D7761 -31
2008.09.27 23:40:02.746 1: CUL: T51024279C8 -31.5
2008.09.27 23:40:03.026 1: CUL: T5102437900 -31
2008.09.27 23:40:03.305 1: CUL: T51024B7700 -31
2008.09.27 23:40:03.584 1: CUL: T5102447900 -31
2008.09.27 23:40:03.865 1: CUL: T51024B7700 -31
2008.09.27 23:41:02.644 1: CUL: K21989168 -68
2008.09.27 23:41:06.772 1: CUL: T323200A600 -56
2008.09.27 23:41:21.073 1: CUL: K01920165 -66.5
2008.09.27 23:41:45.224 1: CUL: E01013CAF0302004109 -66
2008.09.27 23:41:45.224 1: CUL_EM emwz: CNT 60  CUM: 150.880  5MIN: 0.320  TOP: 379.040
2008.09.27 23:41:57.968 1: CUL: T510200A600 -68
2008.09.27 23:42:41.247 1: CUL: E02057893A000000000 -78
2008.09.27 23:42:41.248 1: CUL_EM emem: CNT 120  CUM: 411.070  5MIN: 0.000  TOP: 0.000
2008.09.27 23:42:41.677 1: CUL: K41156263 -56
2008.09.27 23:43:02.774 1: CUL: T323200A600 -55.5
2008.09.27 23:43:53.971 1: CUL: T510200A600 -69.5
2008.09.27 23:43:58.650 1: CUL: K21989168 -65.5
2008.09.27 23:44:18.077 1: CUL: K01930165 -64
2008.09.27 23:44:58.776 1: CUL: T323200A600 -55.5
2008.09.27 23:45:36.683 1: CUL: K41156263 -56
2008.09.27 23:45:49.972 1: CUL: T510200A600 -69.5
2008.09.27 23:46:45.409 1: CUL: E01013DB0030100B80B -70
2008.09.27 23:46:45.410 1: CUL_EM emwz: CNT 61  CUM: 151.040  5MIN: 0.160  TOP: 480.000
2008.09.27 23:46:54.657 1: CUL: K21989168 -68
2008.09.27 23:46:54.788 1: CUL: T323200A600 -55.5
2008.09.27 23:46:55.223 1: CUL: T32327D6761 -53.5
2008.09.27 23:46:55.281 1: CUL: T32327D7761 -30.5
2008.09.27 23:46:55.641 1: CUL: T3232696761 -53.5
2008.09.27 23:47:15.082 1: CUL: K01930165 -66.5
2008.09.27 23:47:41.244 1: CUL: E02057994A000000000 -79.5
2008.09.27 23:47:41.244 1: CUL_EM emem: CNT 121  CUM: 411.080  5MIN: 0.000  TOP: 0.000
2008.09.27 23:47:45.974 1: CUL: T510200A600 -68
2008.09.27 23:48:00.903 1: CUL: T51027D6761 -68
2008.09.27 23:48:01.060 1: CUL: T51027D7761 -31
2008.09.27 23:48:01.417 1: CUL: T5102696761 -64
2008.09.27 23:48:50.779 1: CUL: T323200A600 -55.5
2008.09.27 23:49:41.976 1: CUL: T510200A600 -68
2008.09.27 23:49:50.662 1: CUL: K21989168 -67
2008.09.27 23:50:12.087 1: CUL: K01920165 -64
2008.09.27 23:50:46.782 1: CUL: T323200A600 -55.5
2008.09.27 23:51:17.728 1: CUL: T32327D6761 -55.5
2008.09.27 23:51:17.886 1: CUL: T32327D7761 -30.5
2008.09.27 23:51:18.166 1: CUL: T3232417924 -31.5
2008.09.27 23:51:18.450 1: CUL: T32324B7724 -31
2008.09.27 23:51:26.693 1: CUL: K41146263 -56
2008.09.27 23:51:37.978 1: CUL: T510200A600 -68
2008.09.27 23:51:45.710 1: CUL: E01013EB1030100B80B -64.5
2008.09.27 23:51:45.710 1: CUL_EM emwz: CNT 62  CUM: 151.200  5MIN: 0.160  TOP: 480.000
2008.09.27 23:52:41.457 1: CUL: E02057A94A000000000 -75.5
2008.09.27 23:52:41.458 1: CUL_EM emem: CNT 122  CUM: 411.080  5MIN: 0.000  TOP: 0.000
2008.09.27 23:52:42.853 1: CUL: T323200A600 -56
2008.09.27 23:52:43.262 1: CUL: T32327D6761 -53.5
2008.09.27 23:52:43.287 1: CUL: T32327D7761 -31
2008.09.27 23:52:43.569 1: CUL: T32324279D9 -31
2008.09.27 23:52:43.940 1: CUL: T32324269D9 -54
2008.09.27 23:52:44.097 1: CUL: T32324279D9 -31
2008.09.27 23:52:44.378 1: CUL: T3232437900 -30.5
2008.09.27 23:52:44.660 1: CUL: T32324B7700 -31
2008.09.27 23:52:45.027 1: CUL: T32324B6700 -54.5
2008.09.27 23:52:45.184 1: CUL: T32324B7700 -31
2008.09.27 23:52:45.464 1: CUL: T3232447900 -31.5
2008.09.27 23:52:45.746 1: CUL: T32324B7700 -31
2008.09.27 23:52:46.669 1: CUL: K21989168 -65
2008.09.27 23:53:09.092 1: CUL: K01930165 -66.5
2008.09.27 23:53:33.980 1: CUL: T510200A600 -68
2008.09.27 23:54:00.909 1: CUL: T51027D6761 -67.5
2008.09.27 23:54:01.066 1: CUL: T51027D7761 -31
2008.09.27 23:54:01.346 1: CUL: T51024279C8 -30.5
2008.09.27 23:54:01.626 1: CUL: T5102437900 -31
2008.09.27 23:54:01.906 1: CUL: T51024B7700 -31
2008.09.27 23:54:02.185 1: CUL: T5102447900 -30.5
2008.09.27 23:54:02.466 1: CUL: T51024B7700 -31
2008.09.27 23:54:21.698 1: CUL: K41146263 -56
2008.09.27 23:54:38.786 1: CUL: T323200A600 -55.5
2008.09.27 23:55:29.982 1: CUL: T510200A600 -68
2008.09.27 23:55:42.676 1: CUL: K21989168 -65.5
2008.09.27 23:56:06.096 1: CUL: K01920165 -64
2008.09.27 23:56:34.787 1: CUL: T323200A600 -55.5
2008.09.27 23:56:35.131 1: CUL: T32327D6761 -54
2008.09.27 23:56:35.289 1: CUL: T32327D7761 -31
2008.09.27 23:56:35.649 1: CUL: T3232696761 -54
2008.09.27 23:56:46.004 1: CUL: E01013FB10300000000 -67.5
2008.09.27 23:56:46.005 1: CUL_EM emwz: CNT 63  CUM: 151.200  5MIN: 0.000  TOP: 0.000
2008.09.27 23:57:16.703 1: CUL: K41146263 -55
2008.09.27 23:57:25.984 1: CUL: T510200A600 -68
2008.09.27 23:57:41.238 1: CUL: E02057B94A000000000 -74.5
2008.09.27 23:57:41.238 1: CUL_EM emem: CNT 123  CUM: 411.080  5MIN: 0.000  TOP: 0.000
2008.09.27 23:58:01.074 1: CUL: T51027D7761 -31
2008.09.27 23:58:01.430 1: CUL: T5102696761 -63
2008.09.27 23:58:30.789 1: CUL: T323200A600 -55.5
2008.09.27 23:58:38.681 1: CUL: K21989168 -65.5
2008.09.27 23:59:03.101 1: CUL: K01923165 -64
2008.09.27 23:59:21.986 1: CUL: T510200A600 -68.5
2008.09.28 00:00:11.708 1: CUL: K41135263 -56
2008.09.28 00:00:26.791 1: CUL: T323200A600 -55.5
2008.09.28 00:01:17.987 1: CUL: T510200A600 -68.5
2008.09.28 00:01:34.688 1: CUL: K21989168 -67.5
2008.09.28 00:01:46.414 1: CUL: E010140B2030100B80B -70.5
2008.09.28 00:01:46.414 1: CUL_EM emwz: CNT 64  CUM: 151.360  5MIN: 0.160  TOP: 480.000
2008.09.28 00:02:00.106 1: CUL: K01923165 -64
2008.09.28 00:02:22.793 1: CUL: T323200A600 -56
2008.09.28 00:02:41.235 1: CUL: E02057C94A000000000 -73.5
2008.09.28 00:02:41.236 1: CUL_EM emem: CNT 124  CUM: 411.080  5MIN: 0.000  TOP: 0.000
2008.09.28 00:03:06.713 1: CUL: K41135263 -56
2008.09.28 00:03:13.990 1: CUL: T510200A600 -68
2008.09.28 00:04:18.795 1: CUL: T323200A600 -56
2008.09.28 00:04:19.139 1: CUL: T32327D6761 -53.5
2008.09.28 00:04:19.298 1: CUL: T32327D7761 -31
2008.09.28 00:04:19.579 1: CUL: T32324279D8 -31
2008.09.28 00:04:19.861 1: CUL: T3232437900 -31
2008.09.28 00:04:20.142 1: CUL: T32324B7700 -31
2008.09.28 00:04:20.422 1: CUL: T3232447900 -31
2008.09.28 00:04:20.788 1: CUL: T3232446900 -55
2008.09.28 00:04:20.943 1: CUL: T3232447900 -31.5
2008.09.28 00:04:21.226 1: CUL: T32324B7700 -31
2008.09.28 00:04:30.694 1: CUL: K21989168 -67.5
2008.09.28 00:04:57.111 1: CUL: K01920165 -66.5
2008.09.28 00:05:09.991 1: CUL: T510200A600 -68.5
2008.09.28 00:06:00.922 1: CUL: T51027D6761 -68
2008.09.28 00:06:01.079 1: CUL: T51027D7761 -31
2008.09.28 00:06:01.358 1: CUL: T51024279C8 -29.5
2008.09.28 00:06:01.639 1: CUL: T5102437900 -31
2008.09.28 00:06:02.025 1: CUL: T51024B6700 -64
2008.09.28 00:06:02.180 1: CUL: T51024B7700 -31
2008.09.28 00:06:02.459 1: CUL: T5102447900 -30.5
2008.09.28 00:06:02.740 1: CUL: T51024B7700 -31
2008.09.28 00:06:14.797 1: CUL: T323200A600 -55.5
2008.09.28 00:06:17.885 1: CUL: T32327D7761 -31
2008.09.28 00:06:18.243 1: CUL: T3232696761 -53.5
2008.09.28 00:06:46.602 1: CUL: E010141B3030100B80B -66.5
2008.09.28 00:06:46.603 1: CUL_EM emwz: CNT 65  CUM: 151.520  5MIN: 0.160  TOP: 480.000
2008.09.28 00:07:05.994 1: CUL: T510200A600 -68.5
2008.09.28 00:07:26.700 1: CUL: K21989168 -68
2008.09.28 00:07:41.232 1: CUL: E02057D94A000000000 -78
2008.09.28 00:07:41.232 1: CUL_EM emem: CNT 125  CUM: 411.080  5MIN: 0.000  TOP: 0.000
2008.09.28 00:07:54.115 1: CUL: K01923165 -67
2008.09.28 00:08:00.923 1: CUL: T51027D6761 -68
2008.09.28 00:08:01.080 1: CUL: T51027D7761 -30.5
2008.09.28 00:08:01.437 1: CUL: T5102696761 -64
2008.09.28 00:08:10.798 1: CUL: T323200A600 -56
2008.09.28 00:08:56.723 1: CUL: K41135263 -56
2008.09.28 00:09:01.995 1: CUL: T510200A600 -68.5
2008.09.28 00:10:06.801 1: CUL: T323200A600 -55.5
2008.09.28 00:10:22.706 1: CUL: K21979168 -65.5
2008.09.28 00:10:51.121 1: CUL: K01923165 -62.5
2008.09.28 00:10:57.997 1: CUL: T510200A600 -68
2008.09.28 00:11:46.898 1: CUL: E010142B30300000000 -69
2008.09.28 00:11:46.898 1: CUL_EM emwz: CNT 66  CUM: 151.520  5MIN: 0.000  TOP: 0.000
2008.09.28 00:11:51.728 1: CUL: K41135263 -56
2008.09.28 00:12:02.802 1: CUL: T323200A600 -55.5
2008.09.28 00:12:41.337 1: CUL: E02057E95A000000000 -80.5
2008.09.28 00:12:41.338 1: CUL_EM emem: CNT 126  CUM: 411.090  5MIN: 0.000  TOP: 0.000
2008.09.28 00:12:53.000 1: CUL: T510200A600 -68.5
2008.09.28 00:13:18.712 1: CUL: K21989168 -68
2008.09.28 00:13:48.125 1: CUL: K01923165 -64.5
2008.09.28 00:13:58.804 1: CUL: T323200A600 -55.5
2008.09.28 00:14:46.733 1: CUL: K41135263 -56
2008.09.28 00:14:50.001 1: CUL: T510200A600 -68
2008.09.28 00:15:54.806 1: CUL: T323200A600 -55.5
2008.09.28 00:16:14.719 1: CUL: K21979168 -68
2008.09.28 00:16:17.736 1: CUL: T32327D6761 -55.5
2008.09.28 00:16:17.894 1: CUL: T32327D7761 -31
2008.09.28 00:16:18.253 1: CUL: T3232696761 -54
2008.09.28 00:16:45.129 1: CUL: K01923165 -63
2008.09.28 00:16:46.003 1: CUL: T510200A600 -68
2008.09.28 00:16:47.199 1: CUL: E010143B4030100B80B -65
2008.09.28 00:16:47.200 1: CUL_EM emwz: CNT 67  CUM: 151.680  5MIN: 0.160  TOP: 480.000
2008.09.28 00:17:41.226 1: CUL: E02057F95A000000000 -77.5
2008.09.28 00:17:41.226 1: CUL_EM emem: CNT 127  CUM: 411.090  5MIN: 0.000  TOP: 0.000
2008.09.28 00:17:50.808 1: CUL: T323200A600 -55.5
2008.09.28 00:18:42.005 1: CUL: T510200A600 -68
2008.09.28 00:18:42.345 1: CUL: T51027D6761 -63
2008.09.28 00:18:42.503 1: CUL: T51027D7761 -30.5
2008.09.28 00:18:42.860 1: CUL: T5102696761 -63.5
2008.09.28 00:19:10.724 1: CUL: K21979168 -68
2008.09.28 00:19:42.135 1: CUL: K01923165 -66.5
2008.09.28 00:19:46.810 1: CUL: T323200A600 -56
2008.09.28 00:20:17.740 1: CUL: T32327D6761 -55.5
2008.09.28 00:20:17.898 1: CUL: T32327D7761 -30
2008.09.28 00:20:18.179 1: CUL: T32324279D8 -31
2008.09.28 00:20:18.460 1: CUL: T3232437900 -31
2008.09.28 00:20:18.742 1: CUL: T32324B7700 -31
2008.09.28 00:20:19.022 1: CUL: T3232447900 -30.5
2008.09.28 00:20:19.304 1: CUL: T32324B7700 -30.5
2008.09.28 00:20:36.743 1: CUL: K41125263 -56
2008.09.28 00:20:38.007 1: CUL: T510200A600 -68
2008.09.28 00:21:42.812 1: CUL: T323200A600 -56
2008.09.28 00:21:47.497 1: CUL: E010144B5030100B80B -68
2008.09.28 00:21:47.497 1: CUL_EM emwz: CNT 68  CUM: 151.840  5MIN: 0.160  TOP: 480.000
2008.09.28 00:22:06.731 1: CUL: K21979168 -65
2008.09.28 00:22:34.009 1: CUL: T510200A600 -68
2008.09.28 00:22:34.349 1: CUL: T51027D6761 -63
2008.09.28 00:22:34.507 1: CUL: T51027D7761 -31
2008.09.28 00:22:34.787 1: CUL: T51024279C8 -31
2008.09.28 00:22:35.067 1: CUL: T5102437900 -31
2008.09.28 00:22:35.347 1: CUL: T51024B7700 -31
2008.09.28 00:22:35.626 1: CUL: T5102447900 -31
2008.09.28 00:22:35.907 1: CUL: T51024B7700 -31
2008.09.28 00:22:39.139 1: CUL: K01923165 -64
2008.09.28 00:22:41.220 1: CUL: E02058095A000000000 -79
2008.09.28 00:22:41.221 1: CUL_EM emem: CNT 128  CUM: 411.090  5MIN: 0.000  TOP: 0.000
2008.09.28 00:23:31.748 1: CUL: K41125263 -56
2008.09.28 00:23:38.813 1: CUL: T323200A600 -55.5
2008.09.28 00:24:30.014 1: CUL: T510200A600 -68.5
2008.09.28 00:25:02.737 1: CUL: K21979168 -68
2008.09.28 00:25:34.816 1: CUL: T323200A600 -55.5
2008.09.28 00:25:36.144 1: CUL: K01923165 -64
2008.09.28 00:26:17.746 1: CUL: T32327D6761 -55.5
2008.09.28 00:26:17.904 1: CUL: T32327D7761 -31
2008.09.28 00:26:18.263 1: CUL: T3232696761 -53.5
2008.09.28 00:26:26.012 1: CUL: T510200A600 -68
2008.09.28 00:26:26.753 1: CUL: K41120264 -57
2008.09.28 00:26:47.907 1: CUL: E010145B6030100B80B -64
2008.09.28 00:26:47.908 1: CUL_EM emwz: CNT 69  CUM: 152.000  5MIN: 0.160  TOP: 480.000
2008.09.28 00:27:30.817 1: CUL: T323200A600 -55.5
2008.09.28 00:27:41.218 1: CUL: E02058195A000000000 -79
2008.09.28 00:27:41.218 1: CUL_EM emem: CNT 129  CUM: 411.090  5MIN: 0.000  TOP: 0.000
2008.09.28 00:27:58.743 1: CUL: K21979168 -67
2008.09.28 00:28:22.015 1: CUL: T510200A600 -68
2008.09.28 00:28:22.613 1: CUL: T51027D6761 -63
Illegal hexadecimal digit '' ignored at test2/FHEM/00_CUL.pm line 526.
2008.09.28 00:28:22.870 1: CUL: T51027D776156T51026967611 -71
2008.09.28 00:28:33.149 1: CUL: K01923165 -67
2008.09.28 00:29:21.758 1: CUL: K41120264 -56
2008.09.28 00:29:26.820 1: CUL: T323200A600 -55.5
2008.09.28 00:30:18.016 1: CUL: T510200A600 -68
2008.09.28 00:31:22.821 1: CUL: T323200A600 -55.5
2008.09.28 00:31:30.154 1: CUL: K01923165 -66.5
2008.09.28 00:31:48.093 1: CUL: E010146B60300000000 -65.5
2008.09.28 00:31:48.093 1: CUL_EM emwz: CNT 70  CUM: 152.000  5MIN: 0.000  TOP: 0.000
2008.09.28 00:32:14.018 1: CUL: T510200A600 -68
2008.09.28 00:32:16.763 1: CUL: K41120264 -55.5
2008.09.28 00:32:41.213 1: CUL: E02058295A000000000 -78.5
2008.09.28 00:32:41.214 1: CUL_EM emem: CNT 130  CUM: 411.090  5MIN: 0.000  TOP: 0.000
2008.09.28 00:33:18.823 1: CUL: T323200A600 -55.5
2008.09.28 00:33:50.756 1: CUL: K21979168 -67.5
2008.09.28 00:34:10.020 1: CUL: T510200A600 -68.5
2008.09.28 00:34:27.158 1: CUL: K01923165 -66.5
2008.09.28 00:35:11.768 1: CUL: K41120264 -55.5
2008.09.28 00:35:14.825 1: CUL: T323200A600 -55
2008.09.28 00:36:06.022 1: CUL: T510200A600 -67.5
2008.09.28 00:36:46.761 1: CUL: K21979168 -68
2008.09.28 00:36:48.393 1: CUL: E010147B7030100B80B -66
2008.09.28 00:36:48.394 1: CUL_EM emwz: CNT 71  CUM: 152.160  5MIN: 0.160  TOP: 480.000
2008.09.28 00:37:10.827 1: CUL: T323200A600 -55.5
2008.09.28 00:37:11.170 1: CUL: T32327D6761 -53.5
2008.09.28 00:37:11.329 1: CUL: T32327D7761 -30.5
2008.09.28 00:37:11.688 1: CUL: T3232696761 -53.5
2008.09.28 00:37:24.162 1: CUL: K01923165 -67
2008.09.28 00:37:41.212 1: CUL: E02058396A000000000 -73.5
2008.09.28 00:37:41.212 1: CUL_EM emem: CNT 131  CUM: 411.100  5MIN: 0.000  TOP: 0.000
2008.09.28 00:38:02.024 1: CUL: T510200A600 -68.5
2008.09.28 00:38:02.365 1: CUL: T51027D6761 -63.5
2008.09.28 00:38:02.522 1: CUL: T51027D7761 -31
2008.09.28 00:38:02.878 1: CUL: T5102696761 -62.5
2008.09.28 00:38:06.773 1: CUL: K41120264 -55.5
2008.09.28 00:39:06.828 1: CUL: T323200A600 -56
2008.09.28 00:39:07.173 1: CUL: T32327D6761 -53.5
2008.09.28 00:39:07.332 1: CUL: T32327D7761 -31
2008.09.28 00:39:07.614 1: CUL: T32324279D7 -31
2008.09.28 00:39:07.895 1: CUL: T3232437900 -31
2008.09.28 00:39:08.176 1: CUL: T32324B7700 -31
2008.09.28 00:39:08.457 1: CUL: T3232447900 -30.5
2008.09.28 00:39:08.739 1: CUL: T32324B7700 -31.5
2008.09.28 00:39:58.026 1: CUL: T510200A600 -68
2008.09.28 00:39:58.367 1: CUL: T51027D6761 -64
2008.09.28 00:39:58.525 1: CUL: T51027D7761 -31
2008.09.28 00:39:58.805 1: CUL: T51024279C8 -31
2008.09.28 00:39:59.085 1: CUL: T5102437900 -31
2008.09.28 00:39:59.365 1: CUL: T51024B7700 -31
2008.09.28 00:39:59.644 1: CUL: T5102447900 -31
2008.09.28 00:39:59.925 1: CUL: T51024B7700 -31
2008.09.28 00:40:21.168 1: CUL: K01923165 -64
2008.09.28 00:41:01.778 1: CUL: K41120264 -57
2008.09.28 00:41:02.831 1: CUL: T323200A600 -55.5
2008.09.28 00:41:48.689 1: CUL: E010148B8030100B80B -66.5
2008.09.28 00:41:48.690 1: CUL_EM emwz: CNT 72  CUM: 152.320  5MIN: 0.160  TOP: 480.000
2008.09.28 00:41:54.027 1: CUL: T510200A600 -68
2008.09.28 00:42:38.774 1: CUL: K21979168 -66
2008.09.28 00:42:41.208 1: CUL: E02058496A000000000 -79
2008.09.28 00:42:41.208 1: CUL_EM emem: CNT 132  CUM: 411.100  5MIN: 0.000  TOP: 0.000
2008.09.28 00:42:58.832 1: CUL: T323200A600 -56
2008.09.28 00:43:18.172 1: CUL: K01923165 -64
2008.09.28 00:43:50.030 1: CUL: T510200A600 -68
2008.09.28 00:43:56.783 1: CUL: K41110264 -56
2008.09.28 00:44:54.834 1: CUL: T323200A600 -55.5
2008.09.28 00:45:34.780 1: CUL: K21979168 -68
2008.09.28 00:45:46.031 1: CUL: T510200A600 -68
2008.09.28 00:46:15.176 1: CUL: K01923165 -66.5
2008.09.28 00:46:49.100 1: CUL: E010149B9030100B80B -63
2008.09.28 00:46:49.100 1: CUL_EM emwz: CNT 73  CUM: 152.480  5MIN: 0.160  TOP: 480.000
2008.09.28 00:46:50.836 1: CUL: T323200A600 -55.5
2008.09.28 00:46:51.180 1: CUL: T32327D6761 -53.5
2008.09.28 00:46:51.338 1: CUL: T32327D7761 -30.5
2008.09.28 00:46:51.697 1: CUL: T3232696761 -54
2008.09.28 00:46:51.904 1: CUL: K41110264 -56.5
2008.09.28 00:46:52.040 1: CUL: T3232696761 -53.5
2008.09.28 00:47:41.204 1: CUL: E02058596A000000000 -78
2008.09.28 00:47:41.205 1: CUL_EM emem: CNT 133  CUM: 411.100  5MIN: 0.000  TOP: 0.000
2008.09.28 00:47:42.033 1: CUL: T510200A600 -68.5
2008.09.28 00:48:00.962 1: CUL: T51027D6761 -68
2008.09.28 00:48:01.119 1: CUL: T51027D7761 -30.5
2008.09.28 00:48:01.475 1: CUL: T5102696761 -64.5
2008.09.28 00:48:30.786 1: CUL: K21979168 -68
2008.09.28 00:48:46.838 1: CUL: T323200A600 -55.5
2008.09.28 00:49:12.182 1: CUL: K01923165 -63.5
2008.09.28 00:49:38.035 1: CUL: T510200A600 -68
2008.09.28 00:49:46.793 1: CUL: K41110264 -56.5
2008.09.28 00:50:42.839 1: CUL: T323200A600 -56
2008.09.28 00:51:26.792 1: CUL: K21979168 -66
2008.09.28 00:51:34.037 1: CUL: T510200A600 -68.5
2008.09.28 00:51:49.393 1: CUL: E01014AB90300000000 -66
2008.09.28 00:51:49.394 1: CUL_EM emwz: CNT 74  CUM: 152.480  5MIN: 0.000  TOP: 0.000
2008.09.28 00:52:09.186 1: CUL: K01923165 -66.5
2008.09.28 00:52:38.842 1: CUL: T323200A600 -55.5
2008.09.28 00:52:39.185 1: CUL: T32327D6761 -53.5
2008.09.28 00:52:39.344 1: CUL: T32327D7761 -31
2008.09.28 00:52:39.627 1: CUL: T32324279D7 -31
2008.09.28 00:52:39.907 1: CUL: T3232437900 -31
2008.09.28 00:52:40.189 1: CUL: T32324B7700 -31
2008.09.28 00:52:40.469 1: CUL: T3232447900 -30.5
2008.09.28 00:52:40.751 1: CUL: T32324B7700 -31
2008.09.28 00:52:41.200 1: CUL: E02058696A000000000 -73.5
2008.09.28 00:52:41.200 1: CUL_EM emem: CNT 134  CUM: 411.100  5MIN: 0.000  TOP: 0.000
2008.09.28 00:52:41.797 1: CUL: K41110264 -55.5
2008.09.28 00:53:30.038 1: CUL: T510200A600 -68
2008.09.28 00:54:00.968 1: CUL: T51027D6761 -68.5
2008.09.28 00:54:01.125 1: CUL: T51027D7761 -30.5
2008.09.28 00:54:01.670 1: CUL: T51024279C8 -31.5
2008.09.28 00:54:01.949 1: CUL: T5102437900 -31.5
2008.09.28 00:54:02.229 1: CUL: T51024B7700 -31
2008.09.28 00:54:02.508 1: CUL: T5102447900 -30.5
2008.09.28 00:54:02.789 1: CUL: T51024B7700 -31
2008.09.28 00:54:22.799 1: CUL: K21979168 -68
2008.09.28 00:54:34.843 1: CUL: T323200A600 -56
2008.09.28 00:55:06.191 1: CUL: K01923165 -64
2008.09.28 00:55:26.041 1: CUL: T510200A600 -68
2008.09.28 00:55:36.803 1: CUL: K41110264 -56.5
2008.09.28 00:56:30.845 1: CUL: T323200A600 -55.5
2008.09.28 00:56:31.189 1: CUL: T32327D6761 -54
2008.09.28 00:56:31.348 1: CUL: T32327D7761 -31
2008.09.28 00:56:31.707 1: CUL: T3232696761 -54
2008.09.28 00:56:49.587 1: CUL: E01014BBB0302007308 -67.5
2008.09.28 00:56:49.587 1: CUL_EM emwz: CNT 75  CUM: 152.800  5MIN: 0.320  TOP: 346.080
2008.09.28 00:57:18.804 1: CUL: K21979168 -65.5
2008.09.28 00:57:22.043 1: CUL: T510200A600 -68
2008.09.28 00:57:41.198 1: CUL: E02058796A000000000 -78.5
2008.09.28 00:57:41.199 1: CUL_EM emem: CNT 135  CUM: 411.100  5MIN: 0.000  TOP: 0.000
2008.09.28 00:58:00.971 1: CUL: T51027D6761 -68
2008.09.28 00:58:01.129 1: CUL: T51027D7761 -31
2008.09.28 00:58:01.486 1: CUL: T5102696761 -64.5
2008.09.28 00:58:03.196 1: CUL: K01923165 -64.5
2008.09.28 00:58:31.808 1: CUL: K41110264 -55.5
2008.09.28 00:59:18.044 1: CUL: T510200A600 -68
2008.09.28 01:00:14.811 1: CUL: K21969168 -68
2008.09.28 01:00:22.849 1: CUL: T323200A600 -56
2008.09.28 01:01:00.200 1: CUL: K01923165 -66.5
2008.09.28 01:01:14.047 1: CUL: T510200A600 -68.5
2008.09.28 01:01:26.813 1: CUL: K41110264 -56.5
2008.09.28 01:01:49.995 1: CUL: E01014CBC030100B80B -68
2008.09.28 01:01:49.995 1: CUL_EM emwz: CNT 76  CUM: 152.960  5MIN: 0.160  TOP: 480.000
2008.09.28 01:02:18.851 1: CUL: T323200A600 -55.5
2008.09.28 01:02:41.194 1: CUL: E02058897A000000000 -78.5
2008.09.28 01:02:41.195 1: CUL_EM emem: CNT 136  CUM: 411.110  5MIN: 0.000  TOP: 0.000
2008.09.28 01:03:10.048 1: CUL: T510200A600 -68
2008.09.28 01:03:10.817 1: CUL: K21979168 -68
2008.09.28 01:03:57.205 1: CUL: K01923165 -64.5
2008.09.28 01:04:14.852 1: CUL: T323200A600 -56
2008.09.28 01:04:17.790 1: CUL: T32327D6761 -55.5
2008.09.28 01:04:17.948 1: CUL: T32327D7761 -31
2008.09.28 01:04:18.230 1: CUL: T32324279D6 -31
2008.09.28 01:04:18.511 1: CUL: T3232437900 -30.5
2008.09.28 01:04:18.792 1: CUL: T32324B7700 -31
2008.09.28 01:04:19.073 1: CUL: T3232447900 -31
2008.09.28 01:04:19.355 1: CUL: T32324B7700 -30.5
2008.09.28 01:04:21.818 1: CUL: K41110264 -55.5
2008.09.28 01:05:06.050 1: CUL: T510200A600 -68
2008.09.28 01:06:00.980 1: CUL: T51027D6761 -68
2008.09.28 01:06:01.137 1: CUL: T51027D7761 -31
2008.09.28 01:06:01.417 1: CUL: T51024279C8 -30.5
2008.09.28 01:06:01.697 1: CUL: T5102437900 -31
2008.09.28 01:06:01.977 1: CUL: T51024B7700 -31
2008.09.28 01:06:02.256 1: CUL: T5102447900 -30.5
2008.09.28 01:06:02.537 1: CUL: T51024B7700 -31
2008.09.28 01:06:06.822 1: CUL: K21969168 -66
2008.09.28 01:06:10.924 1: CUL: T323200A600 -55.5
2008.09.28 01:06:17.784 1: CUL: T32327D6761 -55.5
2008.09.28 01:06:17.941 1: CUL: T32327D7761 -31
2008.09.28 01:06:18.301 1: CUL: T3232696761 -53.5
2008.09.28 01:06:50.295 1: CUL: E01014DBD030100B80B -70
2008.09.28 01:06:50.296 1: CUL_EM emwz: CNT 77  CUM: 153.120  5MIN: 0.160  TOP: 480.000
2008.09.28 01:07:02.052 1: CUL: T510200A600 -68.5
2008.09.28 01:07:16.823 1: CUL: K41100264 -54.5
2008.09.28 01:07:41.192 1: CUL: E02058997A000000000 -75.5
2008.09.28 01:07:41.192 1: CUL_EM emem: CNT 137  CUM: 411.110  5MIN: 0.000  TOP: 0.000
2008.09.28 01:08:06.856 1: CUL: T323200A600 -55.5
2008.09.28 01:08:58.054 1: CUL: T510200A600 -68
2008.09.28 01:08:58.394 1: CUL: T51027D6761 -62
2008.09.28 01:08:58.552 1: CUL: T51027D7761 -30.5
2008.09.28 01:08:58.909 1: CUL: T5102696761 -63.5
2008.09.28 01:09:02.829 1: CUL: K21979168 -68
2008.09.28 01:09:47.240 1: CUL: F80C24900 -54
2008.09.28 01:09:47.240 2: FS20 alarm off
2008.09.28 01:09:47.432 1: CUL: F80C2023904 -31
2008.09.28 01:09:47.432 2: FS20 Fenster1 on-for-timer 1
2008.09.28 01:09:47.576 1: CUL: F80C24E00 -31
2008.09.28 01:09:47.576 2: FS20 sirene off
2008.09.28 01:09:49.337 1: CUL: F80C2023904 -31
2008.09.28 01:09:49.337 2: FS20 Fenster1 on-for-timer 1
2008.09.28 01:09:51.214 1: CUL: K01923165 -67
2008.09.28 01:10:02.928 1: CUL: T323200A600 -55.5
2008.09.28 01:10:11.827 1: CUL: K41110264 -56
2008.09.28 01:10:40.739 1: CUL: F80C24211 -73.5
2008.09.28 01:10:40.977 1: CUL: F80C202394F -30.5
2008.09.28 01:10:40.977 2: FS20 Fenster1 on-for-timer 60
2008.09.28 01:10:54.055 1: CUL: T510200A600 -72.5
2008.09.28 01:11:17.310 1: CUL: K1766600800E7C2 -89.5
2008.09.28 01:11:21.780 1: CUL: F80C24011 -47.5
2008.09.28 01:11:50.484 1: CUL: E01014EBF0302008D06 -71
2008.09.28 01:11:50.484 1: CUL_EM emwz: CNT 78  CUM: 153.440  5MIN: 0.320  TOP: 268.320
2008.09.28 01:11:58.929 1: CUL: T323200A600 -56
2008.09.28 01:12:41.188 1: CUL: E02058A97A000000000 -79
2008.09.28 01:12:41.189 1: CUL_EM emem: CNT 138  CUM: 411.110  5MIN: 0.000  TOP: 0.000
2008.09.28 01:12:48.219 1: CUL: K01923165 -64.5
2008.09.28 01:12:50.058 1: CUL: T510200A600 -68
2008.09.28 01:13:06.833 1: CUL: K41110264 -55
2008.09.28 01:13:49.818 1: CUL: K1766600800E7C2 -88.5
2008.09.28 01:13:54.862 1: CUL: T323200A600 -55.5
2008.09.28 01:14:46.059 1: CUL: T510200A600 -68
2008.09.28 01:14:54.841 1: CUL: K21979168 -65.5
2008.09.28 01:15:45.223 1: CUL: K01923165 -67
2008.09.28 01:15:50.863 1: CUL: T323200A600 -55.5
2008.09.28 01:16:01.837 1: CUL: K41120264 -52.5
2008.09.28 01:16:17.793 1: CUL: T32327D6761 -55.5
2008.09.28 01:16:17.951 1: CUL: T32327D7761 -31
2008.09.28 01:16:18.310 1: CUL: T3232696761 -53.5
2008.09.28 01:16:42.061 1: CUL: T510200A600 -67.5
2008.09.28 01:16:50.893 1: CUL: E01014FC40305005602 -67.5
2008.09.28 01:16:50.894 1: CUL_EM emwz: CNT 79  CUM: 154.240  5MIN: 0.800  TOP: 95.680
2008.09.28 01:17:41.186 1: CUL: E02058B97A000000000 -77.5
2008.09.28 01:17:41.186 1: CUL_EM emem: CNT 139  CUM: 411.110  5MIN: 0.000  TOP: 0.000
2008.09.28 01:17:46.865 1: CUL: T323200A600 -55.5
2008.09.28 01:17:50.847 1: CUL: K21969168 -64
2008.09.28 01:18:38.063 1: CUL: T510200A600 -67.5
2008.09.28 01:18:38.404 1: CUL: T51027D6761 -63.5
2008.09.28 01:18:38.562 1: CUL: T51027D7761 -31.5
2008.09.28 01:18:38.919 1: CUL: T5102696761 -63
2008.09.28 01:18:42.229 1: CUL: K01923165 -67
2008.09.28 01:18:56.843 1: CUL: K41130264 -57
2008.09.28 01:19:42.867 1: CUL: T323200A600 -55.5
2008.09.28 01:20:17.797 1: CUL: T32327D6761 -55
2008.09.28 01:20:17.955 1: CUL: T32327D7761 -31
2008.09.28 01:20:18.238 1: CUL: T32324279D6 -31
2008.09.28 01:20:18.518 1: CUL: T3232437900 -31
2008.09.28 01:20:18.800 1: CUL: T32324B7700 -31
2008.09.28 01:20:19.080 1: CUL: T3232447900 -30.5
2008.09.28 01:20:19.362 1: CUL: T32324B7700 -31
2008.09.28 01:20:34.065 1: CUL: T510200A600 -67.5
2008.09.28 01:20:46.854 1: CUL: K21969168 -66
2008.09.28 01:21:38.938 1: CUL: T323200A600 -55.5
2008.09.28 01:21:51.080 1: CUL: E010150C90305007A02 -71
2008.09.28 01:21:51.081 1: CUL_EM emwz: CNT 80  CUM: 155.040  5MIN: 0.800  TOP: 101.440
2008.09.28 01:21:51.847 1: CUL: K41140264 -56
2008.09.28 01:22:09.966 1: CUL: F80C24211 -69
2008.09.28 01:22:10.203 1: CUL: F80C202394F -31
2008.09.28 01:22:10.203 2: FS20 Fenster1 on-for-timer 60
2008.09.28 01:22:30.067 1: CUL: T510200A600 -68.5
2008.09.28 01:22:30.408 1: CUL: T51027D6761 -63.5
2008.09.28 01:22:30.566 1: CUL: T51027D7761 -30.5
2008.09.28 01:22:30.845 1: CUL: T51024279C8 -31
2008.09.28 01:22:31.125 1: CUL: T5102437900 -31
2008.09.28 01:22:31.405 1: CUL: T51024B7700 -31
2008.09.28 01:22:31.684 1: CUL: T5102447900 -30.5
2008.09.28 01:22:31.965 1: CUL: T51024B7700 -31
2008.09.28 01:22:32.328 1: CUL: F80C24311 -73.5
2008.09.28 01:22:41.181 1: CUL: E02058C97A000000000 -77.5
2008.09.28 01:22:41.181 1: CUL_EM emem: CNT 140  CUM: 411.110  5MIN: 0.000  TOP: 0.000
2008.09.28 01:23:32.636 1: CUL: F80C24411 -72.5
2008.09.28 01:23:34.870 1: CUL: T323200A600 -55.5
2008.09.28 01:23:42.860 1: CUL: K21969168 -66
2008.09.28 01:24:26.072 1: CUL: T510200A600 -68
2008.09.28 01:24:36.237 1: CUL: K01923165 -67
2008.09.28 01:24:46.853 1: CUL: K41130264 -55.5
2008.09.28 01:25:10.810 1: CUL: F80C24311 -74.5
2008.09.28 01:25:30.873 1: CUL: T323200A600 -56
2008.09.28 01:26:17.802 1: CUL: T32327D6761 -56
2008.09.28 01:26:17.960 1: CUL: T32327D7761 -31
2008.09.28 01:26:18.319 1: CUL: T3232696761 -53.5
2008.09.28 01:26:22.070 1: CUL: T510200A600 -67.5
2008.09.28 01:26:38.865 1: CUL: K21969168 -68
2008.09.28 01:26:51.378 1: CUL: E010151CE030500D401 -66.5
2008.09.28 01:26:51.378 1: CUL_EM emwz: CNT 81  CUM: 155.840  5MIN: 0.800  TOP: 74.880
2008.09.28 01:27:26.944 1: CUL: T323200A600 -55.5
2008.09.28 01:27:33.243 1: CUL: K01923165 -66.5
2008.09.28 01:27:41.177 1: CUL: E02058D98A000000000 -77.5
2008.09.28 01:27:41.178 1: CUL_EM emem: CNT 141  CUM: 411.120  5MIN: 0.000  TOP: 0.000
2008.09.28 01:27:41.856 1: CUL: K41120264 -57
2008.09.28 01:28:18.073 1: CUL: T510200A600 -68
2008.09.28 01:28:18.413 1: CUL: T51027D6761 -63
2008.09.28 01:28:18.571 1: CUL: T51027D7761 -31
2008.09.28 01:28:18.928 1: CUL: T5102696761 -62.5
2008.09.28 01:29:04.862 1: CUL: K1764600800E7A2 -87.5
2008.09.28 01:29:22.876 1: CUL: T323200A600 -55.5
2008.09.28 01:29:34.872 1: CUL: K21969168 -68
2008.09.28 01:30:14.074 1: CUL: T510200A600 -67.5
2008.09.28 01:30:30.247 1: CUL: K01923165 -67
2008.09.28 01:30:36.863 1: CUL: K41120264 -55.5
2008.09.28 01:31:18.878 1: CUL: T323200A600 -55.5
2008.09.28 01:31:51.679 1: CUL: E010152D4030600F901 -70
2008.09.28 01:31:51.680 1: CUL_EM emwz: CNT 82  CUM: 156.800  5MIN: 0.960  TOP: 80.800
2008.09.28 01:32:10.076 1: CUL: T510200A600 -67.5
2008.09.28 01:32:30.878 1: CUL: K21969168 -65
2008.09.28 01:32:41.174 1: CUL: E02058E98A000000000 -78
2008.09.28 01:32:41.174 1: CUL_EM emem: CNT 142  CUM: 411.120  5MIN: 0.000  TOP: 0.000
2008.09.28 01:33:14.880 1: CUL: T323200A600 -56
2008.09.28 01:33:27.252 1: CUL: K01923165 -66.5
2008.09.28 01:33:31.867 1: CUL: K41120264 -57
2008.09.28 01:34:06.078 1: CUL: T510200A600 -68.5
2008.09.28 01:35:10.882 1: CUL: T323200A600 -56
2008.09.28 01:35:26.884 1: CUL: K21969168 -65.5
2008.09.28 01:36:02.080 1: CUL: T510200A600 -67.5
2008.09.28 01:36:24.257 1: CUL: K01923165 -64.5
2008.09.28 01:36:26.873 1: CUL: K41110264 -54.5
2008.09.28 01:36:51.977 1: CUL: E010153D90305000D02 -71.5
2008.09.28 01:36:51.977 1: CUL_EM emwz: CNT 83  CUM: 157.600  5MIN: 0.800  TOP: 84.000
2008.09.28 01:37:06.953 1: CUL: T323200A600 -56
2008.09.28 01:37:07.362 1: CUL: T32327D6761 -55
2008.09.28 01:37:07.386 1: CUL: T32327D7761 -30.5
2008.09.28 01:37:07.746 1: CUL: T3232696761 -55.5
2008.09.28 01:37:41.170 1: CUL: E02058F98A000000000 -78.5
2008.09.28 01:37:41.171 1: CUL_EM emem: CNT 143  CUM: 411.120  5MIN: 0.000  TOP: 0.000
2008.09.28 01:37:58.081 1: CUL: T510200A600 -69
2008.09.28 01:37:59.821 1: CUL: F80C24011 -47.5
2008.09.28 01:38:00.019 1: CUL: F80C202394F -31
2008.09.28 01:38:00.020 2: FS20 Fenster1 on-for-timer 60
2008.09.28 01:38:01.010 1: CUL: T51027D6761 -67
2008.09.28 01:38:01.167 1: CUL: T51027D7761 -30.5
2008.09.28 01:38:01.524 1: CUL: T5102696761 -66
2008.09.28 01:38:09.274 1: CUL: F80C24211 -73.5
2008.09.28 01:38:22.890 1: CUL: K21969168 -68
2008.09.28 01:38:27.631 1: CUL: F80C24311 -74.5
2008.09.28 01:39:02.885 1: CUL: T323200A600 -55
2008.09.28 01:39:03.229 1: CUL: T32327D6761 -54
2008.09.28 01:39:03.388 1: CUL: T32327D7761 -30
2008.09.28 01:39:03.670 1: CUL: T32324279D6 -31
2008.09.28 01:39:03.951 1: CUL: T3232437900 -31
2008.09.28 01:39:04.233 1: CUL: T32324B7700 -30.5
2008.09.28 01:39:04.513 1: CUL: T3232447900 -31
2008.09.28 01:39:04.795 1: CUL: T32324B7700 -31
2008.09.28 01:39:21.877 1: CUL: K41110264 -56.5
2008.09.28 01:39:54.084 1: CUL: T510200A600 -68.5
2008.09.28 01:39:54.425 1: CUL: T51027D6761 -63.5
2008.09.28 01:39:54.582 1: CUL: T51027D7761 -30.5
2008.09.28 01:39:54.863 1: CUL: T51024279C8 -30.5
2008.09.28 01:39:55.143 1: CUL: T5102437900 -31
2008.09.28 01:39:55.422 1: CUL: T51024B7700 -31
2008.09.28 01:39:56.065 1: CUL: T5102446900 -63.5
2008.09.28 01:39:56.220 1: CUL: T5102447900 -31
2008.09.28 01:39:56.501 1: CUL: T51024B7700 -31
2008.09.28 01:40:58.888 1: CUL: T323200A600 -55.5
2008.09.28 01:41:18.897 1: CUL: K21969168 -67
2008.09.28 01:41:50.085 1: CUL: T510200A600 -68
2008.09.28 01:41:52.276 1: CUL: E010154DD0304006E02 -63.5
2008.09.28 01:41:52.276 1: CUL_EM emwz: CNT 84  CUM: 158.240  5MIN: 0.640  TOP: 99.520
2008.09.28 01:42:16.883 1: CUL: K41110264 -56.5
2008.09.28 01:42:18.266 1: CUL: K01923165 -64
2008.09.28 01:42:41.167 1: CUL: E02059098A000000000 -74.5
2008.09.28 01:42:41.167 1: CUL_EM emem: CNT 144  CUM: 411.120  5MIN: 0.000  TOP: 0.000
2008.09.28 01:42:54.889 1: CUL: T323200A600 -55.5
2008.09.28 01:43:07.089 1: CUL: F80C24311 -73.5
2008.09.28 01:43:09.500 1: CUL: F80C24411 -73.5
2008.09.28 01:43:46.087 1: CUL: T510200A600 -68.5
2008.09.28 01:44:14.902 1: CUL: K21969168 -65
2008.09.28 01:44:50.891 1: CUL: T323200A600 -55.5
2008.09.28 01:45:11.887 1: CUL: K41100264 -56
2008.09.28 01:45:15.271 1: CUL: K01913165 -66.5
2008.09.28 01:45:42.090 1: CUL: T510200A600 -68
2008.09.28 01:46:46.893 1: CUL: T323200A600 -55
2008.09.28 01:46:47.236 1: CUL: T32327D6761 -53.5
2008.09.28 01:46:47.395 1: CUL: T32327D7761 -30
2008.09.28 01:46:47.754 1: CUL: T3232696761 -53.5
2008.09.28 01:46:52.576 1: CUL: E010155DF0302003B04 -70
2008.09.28 01:46:52.577 1: CUL_EM emwz: CNT 85  CUM: 158.560  5MIN: 0.320  TOP: 173.280
2008.09.28 01:47:10.909 1: CUL: K21969168 -68.5
2008.09.28 01:47:38.091 1: CUL: T510200A600 -68
2008.09.28 01:47:41.164 1: CUL: E02059198A000000000 -79
2008.09.28 01:47:41.164 1: CUL_EM emem: CNT 145  CUM: 411.120  5MIN: 0.000  TOP: 0.000
2008.09.28 01:48:01.020 1: CUL: T51027D6761 -68
2008.09.28 01:48:01.177 1: CUL: T51027D7761 -31
2008.09.28 01:48:01.535 1: CUL: T5102696761 -63
2008.09.28 01:48:06.893 1: CUL: K41110264 -56
2008.09.28 01:48:12.276 1: CUL: K01923165 -66.5
2008.09.28 01:48:42.895 1: CUL: T323200A600 -55
2008.09.28 01:49:24.924 1: CUL: K1762600800E782 -91
2008.09.28 01:49:34.094 1: CUL: T510200A600 -68
2008.09.28 01:50:06.915 1: CUL: K21969168 -65
2008.09.28 01:50:38.896 1: CUL: T323200A600 -55.5
2008.09.28 01:51:01.897 1: CUL: K41100264 -56.5
2008.09.28 01:51:09.280 1: CUL: K01913165 -66.5
2008.09.28 01:51:30.095 1: CUL: T510200A600 -68
2008.09.28 01:51:52.873 1: CUL: E010156E0030100B80B -70
2008.09.28 01:51:52.873 1: CUL_EM emwz: CNT 86  CUM: 158.720  5MIN: 0.160  TOP: 480.000
2008.09.28 01:52:34.898 1: CUL: T323200A600 -55
2008.09.28 01:52:35.243 1: CUL: T32327D6761 -53
2008.09.28 01:52:35.402 1: CUL: T32327D7761 -31.5
2008.09.28 01:52:35.684 1: CUL: T32324279D6 -30
2008.09.28 01:52:35.965 1: CUL: T3232437900 -31
2008.09.28 01:52:36.247 1: CUL: T32324B7700 -30.5
2008.09.28 01:52:36.527 1: CUL: T3232447900 -31.5
2008.09.28 01:52:36.809 1: CUL: T32324B7700 -31
2008.09.28 01:52:41.160 1: CUL: E02059299A000000000 -78
2008.09.28 01:52:41.161 1: CUL_EM emem: CNT 146  CUM: 411.130  5MIN: 0.000  TOP: 0.000
2008.09.28 01:53:02.921 1: CUL: K21969168 -68.5
2008.09.28 01:53:26.097 1: CUL: T510200A600 -68
2008.09.28 01:53:56.903 1: CUL: K41100264 -56.5
2008.09.28 01:54:01.027 1: CUL: T51027D6761 -67.5
2008.09.28 01:54:01.184 1: CUL: T51027D7761 -30
2008.09.28 01:54:01.464 1: CUL: T51024279C8 -30.5
2008.09.28 01:54:01.743 1: CUL: T5102437900 -31
2008.09.28 01:54:02.030 1: CUL: T51024B7700 -31
2008.09.28 01:54:02.302 1: CUL: T5102447900 -30.5
2008.09.28 01:54:02.583 1: CUL: T51024B7700 -31
2008.09.28 01:54:06.284 1: CUL: K01913165 -64
2008.09.28 01:54:30.900 1: CUL: T323200A600 -55
2008.09.28 01:55:22.099 1: CUL: T510200A600 -68
2008.09.28 01:55:58.927 1: CUL: K21969168 -68.5
2008.09.28 01:56:26.902 1: CUL: T323200A600 -55.5
2008.09.28 01:56:27.245 1: CUL: T32327D6761 -53.5
2008.09.28 01:56:27.404 1: CUL: T32327D7761 -31
2008.09.28 01:56:27.763 1: CUL: T3232696761 -53
2008.09.28 01:56:51.907 1: CUL: K41100264 -56
2008.09.28 01:56:53.172 1: CUL: E010157E2030200B40A -70
2008.09.28 01:56:53.173 1: CUL_EM emwz: CNT 87  CUM: 159.040  5MIN: 0.320  TOP: 438.400
2008.09.28 01:57:03.290 1: CUL: K01913165 -64
2008.09.28 01:57:18.101 1: CUL: T510200A600 -69.5
2008.09.28 01:57:41.158 1: CUL: E02059399A000000000 -73.5
2008.09.28 01:57:41.158 1: CUL_EM emem: CNT 147  CUM: 411.130  5MIN: 0.000  TOP: 0.000
2008.09.28 01:58:01.030 1: CUL: T51027D6761 -68
2008.09.28 01:58:01.187 1: CUL: T51027D7761 -30
2008.09.28 01:58:01.544 1: CUL: T5102696761 -62.5
2008.09.28 01:58:22.974 1: CUL: T323200A600 -55
2008.09.28 01:58:54.933 1: CUL: K21969168 -64.5
2008.09.28 01:59:14.102 1: CUL: T510200A600 -68.5
2008.09.28 01:59:46.913 1: CUL: K41100264 -56
2008.09.28 02:00:00.294 1: CUL: K01913165 -63.5
2008.09.28 02:00:18.905 1: CUL: T323200A600 -55
2008.09.28 02:01:10.105 1: CUL: T510200A600 -68
2008.09.28 02:01:50.940 1: CUL: K21969168 -68.5
2008.09.28 02:01:53.468 1: CUL: E010158E20300000000 -67
2008.09.28 02:01:53.468 1: CUL_EM emwz: CNT 88  CUM: 159.040  5MIN: 0.000  TOP: 0.000
2008.09.28 02:02:14.908 1: CUL: T323200A600 -55
2008.09.28 02:02:41.153 1: CUL: E02059499A000000000 -79
2008.09.28 02:02:41.154 1: CUL_EM emem: CNT 148  CUM: 411.130  5MIN: 0.000  TOP: 0.000
2008.09.28 02:02:41.917 1: CUL: K41100264 -55.5
2008.09.28 02:02:57.299 1: CUL: K01913165 -66.5
2008.09.28 02:03:06.106 1: CUL: T510200A600 -68
2008.09.28 02:04:10.909 1: CUL: T323200A600 -55
2008.09.28 02:04:17.840 1: CUL: T32327D6761 -55.5
2008.09.28 02:04:17.997 1: CUL: T32327D7761 -31
2008.09.28 02:04:18.278 1: CUL: T32324279D5 -31.5
2008.09.28 02:04:18.560 1: CUL: T3232437900 -30.5
2008.09.28 02:04:18.840 1: CUL: T32324B7700 -31
2008.09.28 02:04:19.120 1: CUL: T3232447900 -30.5
2008.09.28 02:04:19.402 1: CUL: T32324B7700 -30.5
2008.09.28 02:04:46.945 1: CUL: K21969168 -65.5
2008.09.28 02:05:02.108 1: CUL: T510200A600 -68.5
2008.09.28 02:05:36.923 1: CUL: K41090264 -56
2008.09.28 02:05:54.304 1: CUL: K01913165 -66.5
2008.09.28 02:06:06.911 1: CUL: T323200A600 -55
2008.09.28 02:06:17.841 1: CUL: T32327D6761 -55
2008.09.28 02:06:17.999 1: CUL: T32327D7761 -30
2008.09.28 02:06:18.359 1: CUL: T3232696761 -53
2008.09.28 02:06:53.994 1: CUL: E010159E3030100B80B -71
2008.09.28 02:06:53.994 1: CUL_EM emwz: CNT 89  CUM: 159.200  5MIN: 0.160  TOP: 480.000
2008.09.28 02:06:58.110 1: CUL: T510200A600 -68
2008.09.28 02:06:58.451 1: CUL: T51027D6761 -63.5
2008.09.28 02:06:58.609 1: CUL: T51027D7761 -31
2008.09.28 02:06:58.889 1: CUL: T51024279C8 -31
2008.09.28 02:06:59.169 1: CUL: T5102437900 -31
2008.09.28 02:06:59.449 1: CUL: T51024B7700 -31
2008.09.28 02:06:59.728 1: CUL: T5102447900 -31
2008.09.28 02:07:00.009 1: CUL: T51024B7700 -31
2008.09.28 02:07:41.151 1: CUL: E02059599A000000000 -79
2008.09.28 02:07:41.151 1: CUL_EM emem: CNT 149  CUM: 411.130  5MIN: 0.000  TOP: 0.000
2008.09.28 02:07:42.952 1: CUL: K21969168 -65.5
2008.09.28 02:08:02.913 1: CUL: T323200A600 -55
2008.09.28 02:08:31.927 1: CUL: K41090264 -56.5
2008.09.28 02:08:51.308 1: CUL: K01913165 -66.5
2008.09.28 02:08:54.112 1: CUL: T510200A600 -68
2008.09.28 02:08:54.452 1: CUL: T51027D6761 -63
2008.09.28 02:08:54.610 1: CUL: T51027D7761 -31
2008.09.28 02:08:54.968 1: CUL: T5102696761 -64
2008.09.28 02:09:58.915 1: CUL: T323200A600 -55
2008.09.28 02:10:38.958 1: CUL: K21969168 -68.5
2008.09.28 02:10:50.113 1: CUL: T510200A600 -68
2008.09.28 02:11:26.933 1: CUL: K41090264 -56.5
2008.09.28 02:11:48.313 1: CUL: K01913165 -66.5
2008.09.28 02:11:54.069 1: CUL: E01015AE4030100B80B -66.5
2008.09.28 02:11:54.070 1: CUL_EM emwz: CNT 90  CUM: 159.360  5MIN: 0.160  TOP: 480.000
2008.09.28 02:11:54.916 1: CUL: T323200A600 -55
2008.09.28 02:12:41.147 1: CUL: E02059699A000000000 -79
2008.09.28 02:12:41.148 1: CUL_EM emem: CNT 150  CUM: 411.130  5MIN: 0.000  TOP: 0.000
2008.09.28 02:12:46.116 1: CUL: T510200A600 -68
2008.09.28 02:13:34.963 1: CUL: K21969168 -68.5
2008.09.28 02:13:50.919 1: CUL: T323200A600 -55
2008.09.28 02:14:21.937 1: CUL: K41090264 -56.5
2008.09.28 02:14:42.117 1: CUL: T510200A600 -68
2008.09.28 02:14:45.318 1: CUL: K01913165 -66.5
2008.09.28 02:15:46.920 1: CUL: T323200A600 -55.5
2008.09.28 02:16:17.851 1: CUL: T32327D6761 -55.5
2008.09.28 02:16:18.007 1: CUL: T32327D7761 -31
2008.09.28 02:16:18.367 1: CUL: T3232696761 -53.5
2008.09.28 02:16:30.970 1: CUL: K21969168 -66
2008.09.28 02:16:38.120 1: CUL: T510200A600 -68.5
2008.09.28 02:16:54.370 1: CUL: E01015BE5030100B80B -70.5
2008.09.28 02:16:54.370 1: CUL_EM emwz: CNT 91  CUM: 159.520  5MIN: 0.160  TOP: 480.000
2008.09.28 02:17:16.943 1: CUL: K41090264 -56.5
2008.09.28 02:17:41.144 1: CUL: E0205979AA000000000 -79
2008.09.28 02:17:41.145 1: CUL_EM emem: CNT 151  CUM: 411.140  5MIN: 0.000  TOP: 0.000
2008.09.28 02:17:42.322 1: CUL: K01913165 -62
2008.09.28 02:17:42.922 1: CUL: T323200A600 -55
2008.09.28 02:18:34.122 1: CUL: T510200A600 -68
2008.09.28 02:18:34.462 1: CUL: T51027D6761 -63.5
2008.09.28 02:18:34.620 1: CUL: T51027D7761 -31
2008.09.28 02:18:34.977 1: CUL: T5102696761 -64.5
2008.09.28 02:19:26.976 1: CUL: K21969168 -65
2008.09.28 02:19:38.924 1: CUL: T323200A600 -55.5
2008.09.28 02:20:11.947 1: CUL: K41089263 -56.5
2008.09.28 02:20:17.854 1: CUL: T32327D6761 -55.5
2008.09.28 02:20:18.012 1: CUL: T32327D7761 -31
2008.09.28 02:20:18.293 1: CUL: T32324279D5 -31.5
2008.09.28 02:20:18.575 1: CUL: T3232437900 -31
2008.09.28 02:20:18.899 1: CUL: T32324B7700 -31
2008.09.28 02:20:19.136 1: CUL: T3232447900 -31
2008.09.28 02:20:19.418 1: CUL: T32324B7700 -31
2008.09.28 02:20:30.123 1: CUL: T510200A600 -68.5
2008.09.28 02:20:39.327 1: CUL: K01913165 -64
2008.09.28 02:21:34.926 1: CUL: T323200A600 -55.5
2008.09.28 02:21:54.665 1: CUL: E01015CE50300000000 -70.5
2008.09.28 02:21:54.666 1: CUL_EM emwz: CNT 92  CUM: 159.520  5MIN: 0.000  TOP: 0.000
2008.09.28 02:22:22.983 1: CUL: K21969168 -68.5
2008.09.28 02:22:26.126 1: CUL: T510200A600 -67.5
2008.09.28 02:22:26.467 1: CUL: T51027D6761 -64
2008.09.28 02:22:26.625 1: CUL: T51027D7761 -31
2008.09.28 02:22:26.907 1: CUL: T51024279C7 -31
2008.09.28 02:22:27.186 1: CUL: T5102437900 -31
2008.09.28 02:22:27.466 1: CUL: T51024B7700 -31
2008.09.28 02:22:27.744 1: CUL: T5102447900 -31
2008.09.28 02:22:28.025 1: CUL: T51024B7700 -31
2008.09.28 02:22:41.140 1: CUL: E0205989AA000000000 -73
2008.09.28 02:22:41.140 1: CUL_EM emem: CNT 152  CUM: 411.140  5MIN: 0.000  TOP: 0.000
2008.09.28 02:23:06.953 1: CUL: K41089263 -56.5
2008.09.28 02:23:30.927 1: CUL: T323200A600 -55
2008.09.28 02:23:36.332 1: CUL: K01913165 -64
2008.09.28 02:24:22.130 1: CUL: T510200A600 -68
2008.09.28 02:25:18.988 1: CUL: K21969168 -68.5
2008.09.28 02:25:26.930 1: CUL: T323200A600 -55.5
2008.09.28 02:26:01.957 1: CUL: K41089263 -56.5
2008.09.28 02:26:17.859 1: CUL: T32327D6761 -55.5
2008.09.28 02:26:18.017 1: CUL: T32327D7761 -31
2008.09.28 02:26:18.377 1: CUL: T3232696761 -53.5
2008.09.28 02:26:33.337 1: CUL: K01913165 -66
2008.09.28 02:26:55.079 1: CUL: E01015DE6030100B80B -70
2008.09.28 02:26:55.079 1: CUL_EM emwz: CNT 93  CUM: 159.680  5MIN: 0.160  TOP: 480.000
2008.09.28 02:27:22.931 1: CUL: T323200A600 -55.5
2008.09.28 02:27:32.538 1: CUL: K1759600800E7E2 -91
2008.09.28 02:27:41.136 1: CUL: E0205999AA000000000 -78.5
2008.09.28 02:27:41.137 1: CUL_EM emem: CNT 153  CUM: 411.140  5MIN: 0.000  TOP: 0.000
2008.09.28 02:28:14.131 1: CUL: T510200A600 -68
2008.09.28 02:28:14.472 1: CUL: T51027D6761 -62
2008.09.28 02:28:14.629 1: CUL: T51027D7761 -31
2008.09.28 02:28:15.250 1: CUL: T5102696761 -64
2008.09.28 02:28:56.963 1: CUL: K41089263 -56.5
2008.09.28 02:29:18.934 1: CUL: T323200A600 -55.5
2008.09.28 02:29:30.341 1: CUL: K01913165 -66.5
2008.09.28 02:30:10.133 1: CUL: T510200A600 -68.5
2008.09.28 02:31:10.001 1: CUL: K21969168 -68.5
2008.09.28 02:31:14.935 1: CUL: T323200A600 -55
2008.09.28 02:31:51.967 1: CUL: K41089263 -56.5
2008.09.28 02:31:55.265 1: CUL: E01015EE7030100B80B -66.5
2008.09.28 02:31:55.265 1: CUL_EM emwz: CNT 94  CUM: 159.840  5MIN: 0.160  TOP: 480.000
2008.09.28 02:32:06.134 1: CUL: T510200A600 -68
2008.09.28 02:32:27.346 1: CUL: K01913165 -64
2008.09.28 02:32:41.134 1: CUL: E02059A9AA000000000 -75
2008.09.28 02:32:41.134 1: CUL_EM emem: CNT 154  CUM: 411.140  5MIN: 0.000  TOP: 0.000
2008.09.28 02:33:10.937 1: CUL: T323200A600 -55
2008.09.28 02:34:02.205 1: CUL: T510200A600 -67.5
2008.09.28 02:34:46.973 1: CUL: K41089263 -56
2008.09.28 02:35:06.939 1: CUL: T323200A600 -55
2008.09.28 02:35:24.351 1: CUL: K01913165 -64
2008.09.28 02:35:58.138 1: CUL: T510200A600 -68
2008.09.28 02:36:55.566 1: CUL: E01015FE90302007508 -70
2008.09.28 02:36:55.567 1: CUL_EM emwz: CNT 95  CUM: 160.160  5MIN: 0.320  TOP: 346.400
2008.09.28 02:37:02.940 1: CUL: T323200A600 -55
2008.09.28 02:37:03.284 1: CUL: T32327D6761 -53.5
2008.09.28 02:37:03.443 1: CUL: T32327D7761 -31
2008.09.28 02:37:03.802 1: CUL: T3232696761 -53.5
2008.09.28 02:37:41.130 1: CUL: E02059B9AA000000000 -77.5
2008.09.28 02:37:41.131 1: CUL_EM emem: CNT 155  CUM: 411.140  5MIN: 0.000  TOP: 0.000
2008.09.28 02:37:41.977 1: CUL: K41083264 -58
2008.09.28 02:37:54.140 1: CUL: T510200A600 -68
2008.09.28 02:38:01.069 1: CUL: T51027D6761 -68
2008.09.28 02:38:01.226 1: CUL: T51027D7761 -31
2008.09.28 02:38:01.582 1: CUL: T5102696761 -63.5
2008.09.28 02:38:21.355 1: CUL: K01913165 -66.5
2008.09.28 02:38:58.942 1: CUL: T323200A600 -55.5
2008.09.28 02:38:59.286 1: CUL: T32327D6761 -53.5
2008.09.28 02:38:59.445 1: CUL: T32327D7761 -31
2008.09.28 02:38:59.729 1: CUL: T32324279D4 -30
2008.09.28 02:39:00.008 1: CUL: T3232437900 -31
2008.09.28 02:39:00.289 1: CUL: T32324B7700 -31
2008.09.28 02:39:00.570 1: CUL: T3232447900 -31
2008.09.28 02:39:00.852 1: CUL: T32324B7700 -31
2008.09.28 02:39:50.142 1: CUL: T510200A600 -69.5
2008.09.28 02:39:50.483 1: CUL: T51027D6761 -62
2008.09.28 02:39:50.641 1: CUL: T51027D7761 -30.5
2008.09.28 02:39:50.923 1: CUL: T51024279C7 -30.5
2008.09.28 02:39:51.202 1: CUL: T5102437900 -31
2008.09.28 02:39:51.482 1: CUL: T51024B7700 -31
2008.09.28 02:39:51.761 1: CUL: T5102447900 -31
2008.09.28 02:39:52.042 1: CUL: T51024B7700 -31
2008.09.28 02:39:59.019 1: CUL: K21969168 -67
2008.09.28 02:40:36.983 1: CUL: K41089263 -56.5
2008.09.28 02:40:54.945 1: CUL: T323200A600 -55
2008.09.28 02:41:18.360 1: CUL: K01913165 -66.5
2008.09.28 02:41:46.144 1: CUL: T510200A600 -68
2008.09.28 02:41:55.864 1: CUL: E010160EA030100B80B -66
2008.09.28 02:41:55.864 1: CUL_EM emwz: CNT 96  CUM: 160.320  5MIN: 0.160  TOP: 480.000
2008.09.28 02:42:41.127 1: CUL: E02059C9BA000000000 -78.5
2008.09.28 02:42:41.127 1: CUL_EM emem: CNT 156  CUM: 411.150  5MIN: 0.000  TOP: 0.000
2008.09.28 02:42:50.946 1: CUL: T323200A600 -55
2008.09.28 02:42:55.026 1: CUL: K21958168 -65
2008.09.28 02:43:31.987 1: CUL: K41089263 -55.5
2008.09.28 02:43:42.146 1: CUL: T510200A600 -68.5
2008.09.28 02:44:15.365 1: CUL: K01903165 -63
2008.09.28 02:44:46.948 1: CUL: T323200A600 -55.5
2008.09.28 02:45:38.148 1: CUL: T510200A600 -68
2008.09.28 02:45:51.031 1: CUL: K21958168 -66.5
2008.09.28 02:46:26.993 1: CUL: K41083264 -58
2008.09.28 02:46:42.950 1: CUL: T323200A600 -55
2008.09.28 02:46:43.294 1: CUL: T32327D6761 -53.5
2008.09.28 02:46:43.452 1: CUL: T32327D7761 -31
2008.09.28 02:46:43.811 1: CUL: T3232696761 -53.5
2008.09.28 02:46:56.165 1: CUL: E010161EB030100B80B -68
2008.09.28 02:46:56.166 1: CUL_EM emwz: CNT 97  CUM: 160.480  5MIN: 0.160  TOP: 480.000
2008.09.28 02:47:12.369 1: CUL: K01913165 -63.5
2008.09.28 02:47:34.149 1: CUL: T510200A600 -68.5
2008.09.28 02:47:41.124 1: CUL: E02059D9BA000000000 -73
2008.09.28 02:47:41.124 1: CUL_EM emem: CNT 157  CUM: 411.150  5MIN: 0.000  TOP: 0.000
2008.09.28 02:48:01.078 1: CUL: T51027D6761 -67.5
2008.09.28 02:48:01.236 1: CUL: T51027D7761 -30.5
2008.09.28 02:48:01.593 1: CUL: T5102696761 -62.5
2008.09.28 02:48:38.951 1: CUL: T323200A600 -55
2008.09.28 02:48:47.038 1: CUL: K21958168 -68
2008.09.28 02:49:21.997 1: CUL: K41083264 -58
2008.09.28 02:49:30.152 1: CUL: T510200A600 -68
2008.09.28 02:50:09.374 1: CUL: K01913165 -66.5
2008.09.28 02:50:34.953 1: CUL: T323200A600 -55.5
