1225975421.515465   g  4806
1225975421.515651 . r 22887
? e
51225975424.763567 . r   571
1225975424.764556   g   505
1225975424.765560 . r  1268
1225975424.766556   g    85
1225975424.767557 . r   793
1225975424.768560   g   516
1225975424.769556 . r  1195
1225975424.769575   g    84
1225975424.777547 . r  3384
1225975424.778558   g   330
1225975424.779558 . r   818
1225975424.780557   g   313
1225975424.781557 . r   700
1225975424.782559   g   481
1225975424.782588 . r   805
1225975424.783559   g   487
1225975424.783578 . r   808
1225975424.784557   g  3685
1225975424.785554 . r  4027
1225975424.786540   g   507
1225975424.787540   g   590
1225975424.788540 . r   757
1225975424.789536   g   685
1225975424.789565 . r   860
1225975424.789590   g   430
1225975424.790531 . r   860
1225975424.790560   g   686
1225975424.791540 . r  1291
1225975424.792558   g   643
1225975424.792576 . r  1170
1225975424.792600   g   342
1225975424.793558 . r   757
1225975424.793576   g   434
1225975424.794558 . r   883
1225975424.794576   g   358
1225975424.795561 . r   884
1225975424.795589   g    82
1225975424.795602 . r   667
1225975424.796558   g   334
1225975424.796575 . r   865
1225975424.797557   g   365
1225975424.797575 . r   800
1225975424.797599   g   347
1225975424.798559 . r   862
1225975424.799557   g   723
1225975424.799574 . r  1164
1225975424.800559   g   676
1225975424.800577 . r  1255
1225975424.801562   g   658
1225975424.801590 . r  1059
1225975424.802558   g   444
1225975424.802577 . r   887
1225975424.803558   g   439
1225975424.803578 . r   894
1225975424.804559   g   454
1225975424.804578 . r   542
1225975424.804602   g   694
1225975424.805561 . r   914
1225975424.805589   g   805
1225975424.806558 . r  1328
1225975424.806576   g   432
1225975424.806601 . r   592
1225975424.807548   g   983
1225975424.808561 . r  1418
1225975424.808590   g   438
1225975424.809561 . r   871
? 1
? b5
1225975424.810560 . r   877
1225975424.810579   g   271
1225975424.810603 . r   730
1225975424.811562   g   459
1225975424.811606 . r   827
1225975424.812553   g   438
1225975424.812583 . r   788
1225975424.813541   g  1635
1225975424.814564 . r  1960
1225975424.814601   g   558
1225975424.815558 . r   871
1225975424.816559   g   882
? 4
? ad
1225975424.816609   g   508
1225975424.817569 . r   871
? 2
? 23
1225975424.818574 . r   896
1225975424.818628   g   434
1225975424.818642 . r   781
1225975424.819566   g   357
1225975424.819603 . r   725
1225975424.820571   g   552
1225975424.820623 . r   828
1225975424.820637   g   537
1225975424.821567 . r   890
1225975424.821660   g   508
1225975424.822574 . r   777
1225975424.822608   g   367
1225975424.822622 . r   827
1225975424.823568   g   459
1225975424.823605 . r   828
1225975424.824566   g   449
1225975424.824603 . r   777
1225975424.825574   g   872
1225975424.825624 . r  1139
1225975424.826569   g   623
1225975424.826609 . r   898
1225975424.827566   g   626
? 3

1225975424.828575   g   867
1225975424.828625 . r  1104
1225975424.829571   g   558
1225975424.829623   g   640
1225975424.829637 . r   885
1225975424.830568   g   856
1225975424.830607 . r  1260
1225975424.831568   g   391
1225975424.831630 . r   697
1225975424.832542   g  1017
1225975424.832581 . r  1263
1225975424.833564   g   541
1225975424.840570 . r  3503
1225975424.849571   g  1257
1225975424.850558 . r  1514
1225975424.851559   g   619
1225975424.852764 . r   895
1225975424.853561   g   864
1225975424.854548 . r  1190
1225975424.855563   g   890
1225975424.855592 . r  1126
1225975424.855606   g   623
1225975424.855630   g   714
1225975424.856559 . r   894
1225975424.857565   g   640
1225975424.857594 . r   806
1225975424.858562   g  3777
1225975424.859559 . r  4036
1225975424.860560   g   951
1225975424.861560 . r  1211
1225975424.862560   g   997
1225975424.863548 . r  1174
1225975424.864559   g  1024
1225975424.864577 . r  1283
1225975424.865563   g   619
1225975424.865592 . r   803
1225975424.866560   g  3314
1225975424.867562 . r  3561
1225975424.868545   g   623
1225975424.869543 . r   861
1225975424.870546   g   940
1225975424.871543 . r  1292
1225975424.871572   g   551
1225975424.871694 . r   823
1225975424.871710   g   350
1225975424.871734 . r   703
1225975424.872582   g   622
1225975424.872614 . r   899
1225975424.873560   g   549
1225975424.873579 . r   820
1225975424.874563   g  2423
1225975424.875563 . r  2775
1225975424.876559   g   611
1225975424.877560 . r   871
1225975424.878562   g   908
1225975424.879550 . r  1175
1225975424.880563   g   530
1225975424.880594 . r   796
1225975424.880608   g   615
1225975424.881566 . r   790
1225975424.881638   g   445
1225975424.881664 . r   813
1225975424.882546   g   551
1225975424.882577 . r   827
1225975424.883565   g   542
1225975424.883598 . r   813
1225975424.884564   g   589
1225975424.884595 . r   857
1225975424.884608   g   459
1225975424.885573 . r   736
1225975424.885626   g   643
1225975424.885640 . r   827
1225975424.886569   g   632
1225975424.886608 . r   805
1225975424.887568   g   610
1225975424.887606 . r   876
1225975424.888571   g   912
1225975424.888608 . r  1178
1225975424.889567   g   626
? 3
? 1d
1225975424.890572   g   615
1225975424.890612 . r   790
1225975424.891569   g   997
1225975424.891663 . r  1175
1225975424.892556   g   620
1225975424.892596 . r   890
1225975424.893561   g   877
1225975424.893599 . r  1137
1225975424.894549   g   603
1225975424.894593 . r   833
1225975424.895561   g   868
1225975424.895598 . r  1383
? 1
? 63
1225975425.036579 . r  3979
1225975425.037565   g    86
1225975425.038568 . r   336
1225975425.039566   g   252
1225975425.040565   g  1093
1225975425.040583 . r  1597
1225975425.041568   g   335
1225975425.041633 . r   670
1225975425.041669   g   334
1225975425.041682 . r   501
1225975425.042548   g   586
1225975425.043567 . r  1094
